#
# There is insufficient memory for the Java Runtime Environment to continue.
# Native memory allocation (malloc) failed to allocate 1441808 bytes for Chunk::new
# Possible reasons:
#   The system is out of physical RAM or swap space
#   The process is running with CompressedOops enabled, and the Java Heap may be blocking the growth of the native heap
# Possible solutions:
#   Reduce memory load on the system
#   Increase physical memory or swap space
#   Check if swap backing store is full
#   Decrease Java heap size (-Xmx/-Xms)
#   Decrease number of Java threads
#   Decrease Java thread stack sizes (-Xss)
#   Set larger code cache with -XX:ReservedCodeCacheSize=
#   JVM is running with Unscaled Compressed Oops mode in which the Java heap is
#     placed in the first 4GB address space. The Java Heap base address is the
#     maximum limit for the native heap growth. Please use -XX:HeapBaseMinAddress
#     to set the Java Heap base and to place the Java Heap above 4GB virtual address.
# This output file may be truncated or incomplete.
#
#  Out of Memory Error (arena.cpp:191), pid=8784, tid=17980
#
# JRE version: OpenJDK Runtime Environment (17.0.9) (build 17.0.9+0--11185874)
# Java VM: OpenJDK 64-Bit Server VM (17.0.9+0--11185874, mixed mode, tiered, compressed oops, compressed class ptrs, g1 gc, windows-amd64)
# No core dump will be written. Minidumps are not enabled by default on client versions of Windows
#

---------------  S U M M A R Y ------------

Command Line: org.jetbrains.kotlin.cli.jvm.K2JVMCompiler @C:\Users\TGDD\AndroidStudioProjects\BookAppKotlin\app\build\20240415_3988374907069917263.compiler.options

Host: AMD Ryzen 5 5500U with Radeon Graphics         , 12 cores, 7G,  Windows 11 , 64 bit Build 22621 (10.0.22621.3374)
Time: Mon Apr 15 15:14:20 2024 SE Asia Standard Time elapsed time: 7.142760 seconds (0d 0h 0m 7s)

---------------  T H R E A D  ---------------

Current thread (0x000001a6dc072680):  JavaThread "C2 CompilerThread0" daemon [_thread_in_native, id=17980, stack(0x000000881e300000,0x000000881e400000)]


Current CompileTask:
C2:   7142 8548       4       org.jetbrains.kotlin.ir.util.TypeTranslator::translateType (625 bytes)

Stack: [0x000000881e300000,0x000000881e400000]
Native frames: (J=compiled Java code, j=interpreted, Vv=VM code, C=native code)
V  [jvm.dll+0x6886e9]
V  [jvm.dll+0x841e4a]
V  [jvm.dll+0x843a8e]
V  [jvm.dll+0x8440f3]
V  [jvm.dll+0x24c14f]
V  [jvm.dll+0xac44c]
V  [jvm.dll+0xaca9c]
V  [jvm.dll+0x36c1f7]
V  [jvm.dll+0x1be6a2]
V  [jvm.dll+0x21df09]
V  [jvm.dll+0x21d1d1]
V  [jvm.dll+0x1a674d]
V  [jvm.dll+0x22d088]
V  [jvm.dll+0x22b1c0]
V  [jvm.dll+0x7f62f7]
V  [jvm.dll+0x7f06aa]
V  [jvm.dll+0x687565]
C  [ucrtbase.dll+0x29333]
C  [KERNEL32.DLL+0x1257d]
C  [ntdll.dll+0x5aa48]


---------------  P R O C E S S  ---------------

Threads class SMR info:
_java_thread_list=0x000001a6dc1f9c20, length=12, elements={
0x000001a6bdfddee0, 0x000001a6dc01e9d0, 0x000001a6dc020e70, 0x000001a6dc06d000,
0x000001a6dc06db90, 0x000001a6dc06fd80, 0x000001a6dc071370, 0x000001a6dc072680,
0x000001a6dc073540, 0x000001a6dc074c80, 0x000001a6dc1e7380, 0x000001a6dc1fd430
}

Java Threads: ( => current thread )
  0x000001a6bdfddee0 JavaThread "main" [_thread_in_native, id=11876, stack(0x000000881d600000,0x000000881d700000)]
  0x000001a6dc01e9d0 JavaThread "Reference Handler" daemon [_thread_blocked, id=15396, stack(0x000000881dd00000,0x000000881de00000)]
  0x000001a6dc020e70 JavaThread "Finalizer" daemon [_thread_blocked, id=17532, stack(0x000000881de00000,0x000000881df00000)]
  0x000001a6dc06d000 JavaThread "Signal Dispatcher" daemon [_thread_blocked, id=17176, stack(0x000000881df00000,0x000000881e000000)]
  0x000001a6dc06db90 JavaThread "Attach Listener" daemon [_thread_blocked, id=13384, stack(0x000000881e000000,0x000000881e100000)]
  0x000001a6dc06fd80 JavaThread "Service Thread" daemon [_thread_blocked, id=17452, stack(0x000000881e100000,0x000000881e200000)]
  0x000001a6dc071370 JavaThread "Monitor Deflation Thread" daemon [_thread_blocked, id=17784, stack(0x000000881e200000,0x000000881e300000)]
=>0x000001a6dc072680 JavaThread "C2 CompilerThread0" daemon [_thread_in_native, id=17980, stack(0x000000881e300000,0x000000881e400000)]
  0x000001a6dc073540 JavaThread "C1 CompilerThread0" daemon [_thread_blocked, id=9200, stack(0x000000881e400000,0x000000881e500000)]
  0x000001a6dc074c80 JavaThread "Sweeper thread" daemon [_thread_blocked, id=17856, stack(0x000000881e500000,0x000000881e600000)]
  0x000001a6dc1e7380 JavaThread "Notification Thread" daemon [_thread_blocked, id=1672, stack(0x000000881e600000,0x000000881e700000)]
  0x000001a6dc1fd430 JavaThread "Common-Cleaner" daemon [_thread_blocked, id=17456, stack(0x000000881e800000,0x000000881e900000)]

Other Threads:
  0x000001a6dc016ca0 VMThread "VM Thread" [stack: 0x000000881dc00000,0x000000881dd00000] [id=17432]
  0x000001a6dc1e7860 WatcherThread [stack: 0x000000881e700000,0x000000881e800000] [id=17796]
  0x000001a6be033e00 GCTaskThread "GC Thread#0" [stack: 0x000000881d700000,0x000000881d800000] [id=17664]
  0x000001a6dc679d70 GCTaskThread "GC Thread#1" [stack: 0x000000881e900000,0x000000881ea00000] [id=3480]
  0x000001a6dc7b9530 GCTaskThread "GC Thread#2" [stack: 0x000000881ea00000,0x000000881eb00000] [id=16580]
  0x000001a6dc7b97f0 GCTaskThread "GC Thread#3" [stack: 0x000000881eb00000,0x000000881ec00000] [id=8640]
  0x000001a6dc7ba2d0 GCTaskThread "GC Thread#4" [stack: 0x000000881ec00000,0x000000881ed00000] [id=17572]
  0x000001a6dcae6460 GCTaskThread "GC Thread#5" [stack: 0x000000881ed00000,0x000000881ee00000] [id=10804]
  0x000001a6dcbf0c40 GCTaskThread "GC Thread#6" [stack: 0x000000881ee00000,0x000000881ef00000] [id=3848]
  0x000001a6dcac3060 GCTaskThread "GC Thread#7" [stack: 0x000000881ef00000,0x000000881f000000] [id=6196]
  0x000001a6dcb1d4b0 GCTaskThread "GC Thread#8" [stack: 0x000000881f000000,0x000000881f100000] [id=18268]
  0x000001a6dd403d10 GCTaskThread "GC Thread#9" [stack: 0x000000881f300000,0x000000881f400000] [id=18428]
  0x000001a6be043850 ConcurrentGCThread "G1 Main Marker" [stack: 0x000000881d800000,0x000000881d900000] [id=17056]
  0x000001a6be044270 ConcurrentGCThread "G1 Conc#0" [stack: 0x000000881d900000,0x000000881da00000] [id=16896]
  0x000001a6dcb88210 ConcurrentGCThread "G1 Conc#1" [stack: 0x000000881f100000,0x000000881f200000] [id=8524]
  0x000001a6dcb805c0 ConcurrentGCThread "G1 Conc#2" [stack: 0x000000881f200000,0x000000881f300000] [id=18356]
  0x000001a6d78c6350 ConcurrentGCThread "G1 Refine#0" [stack: 0x000000881da00000,0x000000881db00000] [id=17948]
  0x000001a6be087b90 ConcurrentGCThread "G1 Service" [stack: 0x000000881db00000,0x000000881dc00000] [id=17744]

Threads with active compile tasks:
C2 CompilerThread0     7158 8548       4       org.jetbrains.kotlin.ir.util.TypeTranslator::translateType (625 bytes)

VM state: not at safepoint (normal execution)

VM Mutex/Monitor currently owned by a thread: None

Heap address: 0x000000008a800000, size: 1880 MB, Compressed Oops mode: 32-bit

CDS archive(s) not mapped
Compressed class space mapped at: 0x0000000100000000-0x0000000140000000, reserved size: 1073741824
Narrow klass base: 0x0000000000000000, Narrow klass shift: 3, Narrow klass range: 0x140000000

GC Precious Log:
 CPUs: 12 total, 12 available
 Memory: 7514M
 Large Page Support: Disabled
 NUMA Support: Disabled
 Compressed Oops: Enabled (32-bit)
 Heap Region Size: 1M
 Heap Min Capacity: 8M
 Heap Initial Capacity: 118M
 Heap Max Capacity: 1880M
 Pre-touch: Disabled
 Parallel Workers: 10
 Concurrent Workers: 3
 Concurrent Refinement Workers: 10
 Periodic GC: Disabled

Heap:
 garbage-first heap   total 154624K, used 92953K [0x000000008a800000, 0x0000000100000000)
  region size 1024K, 42 young (43008K), 1 survivors (1024K)
 Metaspace       used 70477K, committed 70784K, reserved 1114112K
  class space    used 8280K, committed 8448K, reserved 1048576K

Heap Regions: E=young(eden), S=young(survivor), O=old, HS=humongous(starts), HC=humongous(continues), CS=collection set, F=free, OA=open archive, CA=closed archive, TAMS=top-at-mark-start (previous, next)
|   0|0x000000008a800000, 0x000000008a900000, 0x000000008a900000|100%|HS|  |TAMS 0x000000008a900000, 0x000000008a800000| Complete 
|   1|0x000000008a900000, 0x000000008aa00000, 0x000000008aa00000|100%|HC|  |TAMS 0x000000008aa00000, 0x000000008a900000| Complete 
|   2|0x000000008aa00000, 0x000000008ab00000, 0x000000008ab00000|100%|HC|  |TAMS 0x000000008ab00000, 0x000000008aa00000| Complete 
|   3|0x000000008ab00000, 0x000000008ac00000, 0x000000008ac00000|100%|HC|  |TAMS 0x000000008ac00000, 0x000000008ab00000| Complete 
|   4|0x000000008ac00000, 0x000000008ad00000, 0x000000008ad00000|100%| O|  |TAMS 0x000000008ad00000, 0x000000008ac00000| Untracked 
|   5|0x000000008ad00000, 0x000000008ae00000, 0x000000008ae00000|100%| O|  |TAMS 0x000000008ae00000, 0x000000008ad00000| Untracked 
|   6|0x000000008ae00000, 0x000000008af00000, 0x000000008af00000|100%| O|  |TAMS 0x000000008af00000, 0x000000008ae00000| Untracked 
|   7|0x000000008af00000, 0x000000008b000000, 0x000000008b000000|100%| O|  |TAMS 0x000000008b000000, 0x000000008af00000| Untracked 
|   8|0x000000008b000000, 0x000000008b100000, 0x000000008b100000|100%| O|  |TAMS 0x000000008b100000, 0x000000008b000000| Untracked 
|   9|0x000000008b100000, 0x000000008b100000, 0x000000008b200000|  0%| F|  |TAMS 0x000000008b100000, 0x000000008b100000| Untracked 
|  10|0x000000008b200000, 0x000000008b300000, 0x000000008b300000|100%| O|  |TAMS 0x000000008b300000, 0x000000008b200000| Untracked 
|  11|0x000000008b300000, 0x000000008b400000, 0x000000008b400000|100%| O|  |TAMS 0x000000008b400000, 0x000000008b300000| Untracked 
|  12|0x000000008b400000, 0x000000008b500000, 0x000000008b500000|100%| O|  |TAMS 0x000000008b500000, 0x000000008b400000| Untracked 
|  13|0x000000008b500000, 0x000000008b600000, 0x000000008b600000|100%| O|  |TAMS 0x000000008b600000, 0x000000008b500000| Untracked 
|  14|0x000000008b600000, 0x000000008b700000, 0x000000008b700000|100%| O|  |TAMS 0x000000008b700000, 0x000000008b600000| Untracked 
|  15|0x000000008b700000, 0x000000008b800000, 0x000000008b800000|100%| O|  |TAMS 0x000000008b800000, 0x000000008b700000| Untracked 
|  16|0x000000008b800000, 0x000000008b900000, 0x000000008b900000|100%| O|  |TAMS 0x000000008b900000, 0x000000008b800000| Untracked 
|  17|0x000000008b900000, 0x000000008ba00000, 0x000000008ba00000|100%|HS|  |TAMS 0x000000008ba00000, 0x000000008b900000| Complete 
|  18|0x000000008ba00000, 0x000000008bb00000, 0x000000008bb00000|100%|HC|  |TAMS 0x000000008bb00000, 0x000000008ba00000| Complete 
|  19|0x000000008bb00000, 0x000000008bc00000, 0x000000008bc00000|100%| O|  |TAMS 0x000000008bc00000, 0x000000008bb00000| Untracked 
|  20|0x000000008bc00000, 0x000000008bd00000, 0x000000008bd00000|100%| O|  |TAMS 0x000000008bd00000, 0x000000008bc00000| Untracked 
|  21|0x000000008bd00000, 0x000000008be00000, 0x000000008be00000|100%| O|  |TAMS 0x000000008be00000, 0x000000008bd00000| Untracked 
|  22|0x000000008be00000, 0x000000008bf00000, 0x000000008bf00000|100%| O|  |TAMS 0x000000008bf00000, 0x000000008be00000| Untracked 
|  23|0x000000008bf00000, 0x000000008c000000, 0x000000008c000000|100%| O|  |TAMS 0x000000008c000000, 0x000000008bf00000| Untracked 
|  24|0x000000008c000000, 0x000000008c100000, 0x000000008c100000|100%| O|  |TAMS 0x000000008c100000, 0x000000008c000000| Untracked 
|  25|0x000000008c100000, 0x000000008c200000, 0x000000008c200000|100%| O|  |TAMS 0x000000008c200000, 0x000000008c100000| Untracked 
|  26|0x000000008c200000, 0x000000008c300000, 0x000000008c300000|100%| O|  |TAMS 0x000000008c300000, 0x000000008c200000| Untracked 
|  27|0x000000008c300000, 0x000000008c400000, 0x000000008c400000|100%| O|  |TAMS 0x000000008c400000, 0x000000008c300000| Untracked 
|  28|0x000000008c400000, 0x000000008c500000, 0x000000008c500000|100%| O|  |TAMS 0x000000008c500000, 0x000000008c400000| Untracked 
|  29|0x000000008c500000, 0x000000008c600000, 0x000000008c600000|100%| O|  |TAMS 0x000000008c600000, 0x000000008c500000| Untracked 
|  30|0x000000008c600000, 0x000000008c700000, 0x000000008c700000|100%| O|  |TAMS 0x000000008c700000, 0x000000008c600000| Untracked 
|  31|0x000000008c700000, 0x000000008c800000, 0x000000008c800000|100%| O|  |TAMS 0x000000008c800000, 0x000000008c700000| Untracked 
|  32|0x000000008c800000, 0x000000008c900000, 0x000000008c900000|100%| O|  |TAMS 0x000000008c900000, 0x000000008c800000| Untracked 
|  33|0x000000008c900000, 0x000000008ca00000, 0x000000008ca00000|100%| O|  |TAMS 0x000000008ca00000, 0x000000008c900000| Untracked 
|  34|0x000000008ca00000, 0x000000008cb00000, 0x000000008cb00000|100%| O|  |TAMS 0x000000008cb00000, 0x000000008ca00000| Untracked 
|  35|0x000000008cb00000, 0x000000008cc00000, 0x000000008cc00000|100%| O|  |TAMS 0x000000008cc00000, 0x000000008cb00000| Untracked 
|  36|0x000000008cc00000, 0x000000008cd00000, 0x000000008cd00000|100%| O|  |TAMS 0x000000008cd00000, 0x000000008cc00000| Untracked 
|  37|0x000000008cd00000, 0x000000008ce00000, 0x000000008ce00000|100%| O|  |TAMS 0x000000008ce00000, 0x000000008cd00000| Untracked 
|  38|0x000000008ce00000, 0x000000008cf00000, 0x000000008cf00000|100%| O|  |TAMS 0x000000008cf00000, 0x000000008ce00000| Untracked 
|  39|0x000000008cf00000, 0x000000008d000000, 0x000000008d000000|100%| O|  |TAMS 0x000000008d000000, 0x000000008cf00000| Untracked 
|  40|0x000000008d000000, 0x000000008d100000, 0x000000008d100000|100%| O|  |TAMS 0x000000008d0f7e00, 0x000000008d000000| Untracked 
|  41|0x000000008d100000, 0x000000008d200000, 0x000000008d200000|100%| O|  |TAMS 0x000000008d100000, 0x000000008d100000| Untracked 
|  42|0x000000008d200000, 0x000000008d300000, 0x000000008d300000|100%| O|  |TAMS 0x000000008d200000, 0x000000008d200000| Untracked 
|  43|0x000000008d300000, 0x000000008d400000, 0x000000008d400000|100%| O|  |TAMS 0x000000008d300000, 0x000000008d300000| Untracked 
|  44|0x000000008d400000, 0x000000008d500000, 0x000000008d500000|100%| O|  |TAMS 0x000000008d400000, 0x000000008d400000| Untracked 
|  45|0x000000008d500000, 0x000000008d600000, 0x000000008d600000|100%| O|  |TAMS 0x000000008d500000, 0x000000008d500000| Untracked 
|  46|0x000000008d600000, 0x000000008d700000, 0x000000008d700000|100%| O|  |TAMS 0x000000008d600000, 0x000000008d600000| Untracked 
|  47|0x000000008d700000, 0x000000008d800000, 0x000000008d800000|100%| O|  |TAMS 0x000000008d700000, 0x000000008d700000| Untracked 
|  48|0x000000008d800000, 0x000000008d900000, 0x000000008d900000|100%| O|  |TAMS 0x000000008d800000, 0x000000008d800000| Untracked 
|  49|0x000000008d900000, 0x000000008da00000, 0x000000008da00000|100%| O|  |TAMS 0x000000008d900000, 0x000000008d900000| Untracked 
|  50|0x000000008da00000, 0x000000008dac6600, 0x000000008db00000| 77%| O|  |TAMS 0x000000008da00000, 0x000000008da00000| Untracked 
|  51|0x000000008db00000, 0x000000008db00000, 0x000000008dc00000|  0%| F|  |TAMS 0x000000008db00000, 0x000000008db00000| Untracked 
|  52|0x000000008dc00000, 0x000000008dc00000, 0x000000008dd00000|  0%| F|  |TAMS 0x000000008dc00000, 0x000000008dc00000| Untracked 
|  53|0x000000008dd00000, 0x000000008dd00000, 0x000000008de00000|  0%| F|  |TAMS 0x000000008dd00000, 0x000000008dd00000| Untracked 
|  54|0x000000008de00000, 0x000000008de00000, 0x000000008df00000|  0%| F|  |TAMS 0x000000008de00000, 0x000000008de00000| Untracked 
|  55|0x000000008df00000, 0x000000008df00000, 0x000000008e000000|  0%| F|  |TAMS 0x000000008df00000, 0x000000008df00000| Untracked 
|  56|0x000000008e000000, 0x000000008e000000, 0x000000008e100000|  0%| F|  |TAMS 0x000000008e000000, 0x000000008e000000| Untracked 
|  57|0x000000008e100000, 0x000000008e100000, 0x000000008e200000|  0%| F|  |TAMS 0x000000008e100000, 0x000000008e100000| Untracked 
|  58|0x000000008e200000, 0x000000008e200000, 0x000000008e300000|  0%| F|  |TAMS 0x000000008e200000, 0x000000008e200000| Untracked 
|  59|0x000000008e300000, 0x000000008e300000, 0x000000008e400000|  0%| F|  |TAMS 0x000000008e300000, 0x000000008e300000| Untracked 
|  60|0x000000008e400000, 0x000000008e400000, 0x000000008e500000|  0%| F|  |TAMS 0x000000008e400000, 0x000000008e400000| Untracked 
|  61|0x000000008e500000, 0x000000008e500000, 0x000000008e600000|  0%| F|  |TAMS 0x000000008e500000, 0x000000008e500000| Untracked 
|  62|0x000000008e600000, 0x000000008e600000, 0x000000008e700000|  0%| F|  |TAMS 0x000000008e600000, 0x000000008e600000| Untracked 
|  63|0x000000008e700000, 0x000000008e700000, 0x000000008e800000|  0%| F|  |TAMS 0x000000008e700000, 0x000000008e700000| Untracked 
|  64|0x000000008e800000, 0x000000008e800000, 0x000000008e900000|  0%| F|  |TAMS 0x000000008e800000, 0x000000008e800000| Untracked 
|  65|0x000000008e900000, 0x000000008e900000, 0x000000008ea00000|  0%| F|  |TAMS 0x000000008e900000, 0x000000008e900000| Untracked 
|  66|0x000000008ea00000, 0x000000008ea00000, 0x000000008eb00000|  0%| F|  |TAMS 0x000000008ea00000, 0x000000008ea00000| Untracked 
|  67|0x000000008eb00000, 0x000000008eb00000, 0x000000008ec00000|  0%| F|  |TAMS 0x000000008eb00000, 0x000000008eb00000| Untracked 
|  68|0x000000008ec00000, 0x000000008ec00000, 0x000000008ed00000|  0%| F|  |TAMS 0x000000008ec00000, 0x000000008ec00000| Untracked 
|  69|0x000000008ed00000, 0x000000008ed00000, 0x000000008ee00000|  0%| F|  |TAMS 0x000000008ed00000, 0x000000008ed00000| Untracked 
|  70|0x000000008ee00000, 0x000000008ee00000, 0x000000008ef00000|  0%| F|  |TAMS 0x000000008ee00000, 0x000000008ee00000| Untracked 
|  71|0x000000008ef00000, 0x000000008ef00000, 0x000000008f000000|  0%| F|  |TAMS 0x000000008ef00000, 0x000000008ef00000| Untracked 
|  72|0x000000008f000000, 0x000000008f000000, 0x000000008f100000|  0%| F|  |TAMS 0x000000008f000000, 0x000000008f000000| Untracked 
|  73|0x000000008f100000, 0x000000008f100000, 0x000000008f200000|  0%| F|  |TAMS 0x000000008f100000, 0x000000008f100000| Untracked 
|  74|0x000000008f200000, 0x000000008f200000, 0x000000008f300000|  0%| F|  |TAMS 0x000000008f200000, 0x000000008f200000| Untracked 
|  75|0x000000008f300000, 0x000000008f300000, 0x000000008f400000|  0%| F|  |TAMS 0x000000008f300000, 0x000000008f300000| Untracked 
|  76|0x000000008f400000, 0x000000008f400000, 0x000000008f500000|  0%| F|  |TAMS 0x000000008f400000, 0x000000008f400000| Untracked 
|  77|0x000000008f500000, 0x000000008f500000, 0x000000008f600000|  0%| F|  |TAMS 0x000000008f500000, 0x000000008f500000| Untracked 
|  78|0x000000008f600000, 0x000000008f600000, 0x000000008f700000|  0%| F|  |TAMS 0x000000008f600000, 0x000000008f600000| Untracked 
|  79|0x000000008f700000, 0x000000008f700000, 0x000000008f800000|  0%| F|  |TAMS 0x000000008f700000, 0x000000008f700000| Untracked 
|  80|0x000000008f800000, 0x000000008f800000, 0x000000008f900000|  0%| F|  |TAMS 0x000000008f800000, 0x000000008f800000| Untracked 
|  81|0x000000008f900000, 0x000000008f900000, 0x000000008fa00000|  0%| F|  |TAMS 0x000000008f900000, 0x000000008f900000| Untracked 
|  82|0x000000008fa00000, 0x000000008fa00000, 0x000000008fb00000|  0%| F|  |TAMS 0x000000008fa00000, 0x000000008fa00000| Untracked 
|  83|0x000000008fb00000, 0x000000008fb00000, 0x000000008fc00000|  0%| F|  |TAMS 0x000000008fb00000, 0x000000008fb00000| Untracked 
|  84|0x000000008fc00000, 0x000000008fc00000, 0x000000008fd00000|  0%| F|  |TAMS 0x000000008fc00000, 0x000000008fc00000| Untracked 
|  85|0x000000008fd00000, 0x000000008fd00000, 0x000000008fe00000|  0%| F|  |TAMS 0x000000008fd00000, 0x000000008fd00000| Untracked 
|  86|0x000000008fe00000, 0x000000008fe00000, 0x000000008ff00000|  0%| F|  |TAMS 0x000000008fe00000, 0x000000008fe00000| Untracked 
|  87|0x000000008ff00000, 0x000000008ff00000, 0x0000000090000000|  0%| F|  |TAMS 0x000000008ff00000, 0x000000008ff00000| Untracked 
|  88|0x0000000090000000, 0x0000000090000000, 0x0000000090100000|  0%| F|  |TAMS 0x0000000090000000, 0x0000000090000000| Untracked 
|  89|0x0000000090100000, 0x0000000090100000, 0x0000000090200000|  0%| F|  |TAMS 0x0000000090100000, 0x0000000090100000| Untracked 
|  90|0x0000000090200000, 0x0000000090200000, 0x0000000090300000|  0%| F|  |TAMS 0x0000000090200000, 0x0000000090200000| Untracked 
|  91|0x0000000090300000, 0x0000000090300000, 0x0000000090400000|  0%| F|  |TAMS 0x0000000090300000, 0x0000000090300000| Untracked 
|  92|0x0000000090400000, 0x0000000090400000, 0x0000000090500000|  0%| F|  |TAMS 0x0000000090400000, 0x0000000090400000| Untracked 
|  93|0x0000000090500000, 0x0000000090500000, 0x0000000090600000|  0%| F|  |TAMS 0x0000000090500000, 0x0000000090500000| Untracked 
|  94|0x0000000090600000, 0x0000000090600000, 0x0000000090700000|  0%| F|  |TAMS 0x0000000090600000, 0x0000000090600000| Untracked 
|  95|0x0000000090700000, 0x0000000090700000, 0x0000000090800000|  0%| F|  |TAMS 0x0000000090700000, 0x0000000090700000| Untracked 
|  96|0x0000000090800000, 0x0000000090800000, 0x0000000090900000|  0%| F|  |TAMS 0x0000000090800000, 0x0000000090800000| Untracked 
|  97|0x0000000090900000, 0x0000000090900000, 0x0000000090a00000|  0%| F|  |TAMS 0x0000000090900000, 0x0000000090900000| Untracked 
|  98|0x0000000090a00000, 0x0000000090a00000, 0x0000000090b00000|  0%| F|  |TAMS 0x0000000090a00000, 0x0000000090a00000| Untracked 
|  99|0x0000000090b00000, 0x0000000090b00000, 0x0000000090c00000|  0%| F|  |TAMS 0x0000000090b00000, 0x0000000090b00000| Untracked 
| 100|0x0000000090c00000, 0x0000000090c00000, 0x0000000090d00000|  0%| F|  |TAMS 0x0000000090c00000, 0x0000000090c00000| Untracked 
| 101|0x0000000090d00000, 0x0000000090d00000, 0x0000000090e00000|  0%| F|  |TAMS 0x0000000090d00000, 0x0000000090d00000| Untracked 
| 102|0x0000000090e00000, 0x0000000090e00000, 0x0000000090f00000|  0%| F|  |TAMS 0x0000000090e00000, 0x0000000090e00000| Untracked 
| 103|0x0000000090f00000, 0x0000000090f00000, 0x0000000091000000|  0%| F|  |TAMS 0x0000000090f00000, 0x0000000090f00000| Untracked 
| 104|0x0000000091000000, 0x0000000091000000, 0x0000000091100000|  0%| F|  |TAMS 0x0000000091000000, 0x0000000091000000| Untracked 
| 105|0x0000000091100000, 0x0000000091100000, 0x0000000091200000|  0%| F|  |TAMS 0x0000000091100000, 0x0000000091100000| Untracked 
| 106|0x0000000091200000, 0x0000000091200000, 0x0000000091300000|  0%| F|  |TAMS 0x0000000091200000, 0x0000000091200000| Untracked 
| 107|0x0000000091300000, 0x0000000091300000, 0x0000000091400000|  0%| F|  |TAMS 0x0000000091300000, 0x0000000091300000| Untracked 
| 108|0x0000000091400000, 0x0000000091400000, 0x0000000091500000|  0%| F|  |TAMS 0x0000000091400000, 0x0000000091400000| Untracked 
| 109|0x0000000091500000, 0x0000000091580b90, 0x0000000091600000| 50%| E|  |TAMS 0x0000000091500000, 0x0000000091500000| Complete 
| 110|0x0000000091600000, 0x0000000091700000, 0x0000000091700000|100%| E|CS|TAMS 0x0000000091600000, 0x0000000091600000| Complete 
| 111|0x0000000091700000, 0x0000000091800000, 0x0000000091800000|100%| E|CS|TAMS 0x0000000091700000, 0x0000000091700000| Complete 
| 112|0x0000000091800000, 0x0000000091900000, 0x0000000091900000|100%| E|CS|TAMS 0x0000000091800000, 0x0000000091800000| Complete 
| 113|0x0000000091900000, 0x0000000091a00000, 0x0000000091a00000|100%| E|CS|TAMS 0x0000000091900000, 0x0000000091900000| Complete 
| 114|0x0000000091a00000, 0x0000000091b00000, 0x0000000091b00000|100%| E|CS|TAMS 0x0000000091a00000, 0x0000000091a00000| Complete 
| 115|0x0000000091b00000, 0x0000000091c00000, 0x0000000091c00000|100%| E|CS|TAMS 0x0000000091b00000, 0x0000000091b00000| Complete 
| 116|0x0000000091c00000, 0x0000000091d00000, 0x0000000091d00000|100%| E|CS|TAMS 0x0000000091c00000, 0x0000000091c00000| Complete 
| 117|0x0000000091d00000, 0x0000000091e00000, 0x0000000091e00000|100%| E|CS|TAMS 0x0000000091d00000, 0x0000000091d00000| Complete 
| 118|0x0000000091e00000, 0x0000000091f00000, 0x0000000091f00000|100%| E|CS|TAMS 0x0000000091e00000, 0x0000000091e00000| Complete 
| 119|0x0000000091f00000, 0x0000000092000000, 0x0000000092000000|100%| E|CS|TAMS 0x0000000091f00000, 0x0000000091f00000| Complete 
| 120|0x0000000092000000, 0x0000000092100000, 0x0000000092100000|100%| E|CS|TAMS 0x0000000092000000, 0x0000000092000000| Complete 
| 121|0x0000000092100000, 0x0000000092200000, 0x0000000092200000|100%| E|CS|TAMS 0x0000000092100000, 0x0000000092100000| Complete 
| 122|0x0000000092200000, 0x0000000092300000, 0x0000000092300000|100%| E|CS|TAMS 0x0000000092200000, 0x0000000092200000| Complete 
| 123|0x0000000092300000, 0x0000000092400000, 0x0000000092400000|100%| E|CS|TAMS 0x0000000092300000, 0x0000000092300000| Complete 
| 124|0x0000000092400000, 0x0000000092500000, 0x0000000092500000|100%| E|CS|TAMS 0x0000000092400000, 0x0000000092400000| Complete 
| 125|0x0000000092500000, 0x0000000092600000, 0x0000000092600000|100%| E|CS|TAMS 0x0000000092500000, 0x0000000092500000| Complete 
| 126|0x0000000092600000, 0x0000000092700000, 0x0000000092700000|100%| E|CS|TAMS 0x0000000092600000, 0x0000000092600000| Complete 
| 127|0x0000000092700000, 0x0000000092800000, 0x0000000092800000|100%| E|CS|TAMS 0x0000000092700000, 0x0000000092700000| Complete 
| 128|0x0000000092800000, 0x0000000092900000, 0x0000000092900000|100%| E|CS|TAMS 0x0000000092800000, 0x0000000092800000| Complete 
| 129|0x0000000092900000, 0x0000000092a00000, 0x0000000092a00000|100%| E|CS|TAMS 0x0000000092900000, 0x0000000092900000| Complete 
| 130|0x0000000092a00000, 0x0000000092b00000, 0x0000000092b00000|100%| E|CS|TAMS 0x0000000092a00000, 0x0000000092a00000| Complete 
| 131|0x0000000092b00000, 0x0000000092c00000, 0x0000000092c00000|100%| E|CS|TAMS 0x0000000092b00000, 0x0000000092b00000| Complete 
| 132|0x0000000092c00000, 0x0000000092d00000, 0x0000000092d00000|100%| E|CS|TAMS 0x0000000092c00000, 0x0000000092c00000| Complete 
| 133|0x0000000092d00000, 0x0000000092e00000, 0x0000000092e00000|100%| E|CS|TAMS 0x0000000092d00000, 0x0000000092d00000| Complete 
| 134|0x0000000092e00000, 0x0000000092f00000, 0x0000000092f00000|100%| E|CS|TAMS 0x0000000092e00000, 0x0000000092e00000| Complete 
| 135|0x0000000092f00000, 0x0000000093000000, 0x0000000093000000|100%| E|CS|TAMS 0x0000000092f00000, 0x0000000092f00000| Complete 
| 136|0x0000000093000000, 0x0000000093100000, 0x0000000093100000|100%| E|CS|TAMS 0x0000000093000000, 0x0000000093000000| Complete 
| 137|0x0000000093100000, 0x0000000093200000, 0x0000000093200000|100%| E|CS|TAMS 0x0000000093100000, 0x0000000093100000| Complete 
| 138|0x0000000093200000, 0x0000000093300000, 0x0000000093300000|100%| E|CS|TAMS 0x0000000093200000, 0x0000000093200000| Complete 
| 139|0x0000000093300000, 0x0000000093400000, 0x0000000093400000|100%| E|CS|TAMS 0x0000000093300000, 0x0000000093300000| Complete 
| 140|0x0000000093400000, 0x0000000093500000, 0x0000000093500000|100%| E|CS|TAMS 0x0000000093400000, 0x0000000093400000| Complete 
| 141|0x0000000093500000, 0x0000000093600000, 0x0000000093600000|100%| E|CS|TAMS 0x0000000093500000, 0x0000000093500000| Complete 
| 142|0x0000000093600000, 0x0000000093700000, 0x0000000093700000|100%| E|CS|TAMS 0x0000000093600000, 0x0000000093600000| Complete 
| 143|0x0000000093700000, 0x0000000093800000, 0x0000000093800000|100%| E|CS|TAMS 0x0000000093700000, 0x0000000093700000| Complete 
| 144|0x0000000093800000, 0x0000000093900000, 0x0000000093900000|100%| E|CS|TAMS 0x0000000093800000, 0x0000000093800000| Complete 
| 145|0x0000000093900000, 0x0000000093a00000, 0x0000000093a00000|100%| E|CS|TAMS 0x0000000093900000, 0x0000000093900000| Complete 
| 146|0x0000000093a00000, 0x0000000093b00000, 0x0000000093b00000|100%| E|CS|TAMS 0x0000000093a00000, 0x0000000093a00000| Complete 
| 147|0x0000000093b00000, 0x0000000093c00000, 0x0000000093c00000|100%| E|CS|TAMS 0x0000000093b00000, 0x0000000093b00000| Complete 
| 148|0x0000000093c00000, 0x0000000093d00000, 0x0000000093d00000|100%| E|CS|TAMS 0x0000000093c00000, 0x0000000093c00000| Complete 
| 149|0x0000000093d00000, 0x0000000093e00000, 0x0000000093e00000|100%| S|CS|TAMS 0x0000000093d00000, 0x0000000093d00000| Complete 
| 150|0x0000000093e00000, 0x0000000093f00000, 0x0000000093f00000|100%| E|CS|TAMS 0x0000000093e00000, 0x0000000093e00000| Complete 

Card table byte_map: [0x000001a6d0db0000,0x000001a6d1160000] _byte_map_base: 0x000001a6d095c000

Marking Bits (Prev, Next): (CMBitMap*) 0x000001a6be034460, (CMBitMap*) 0x000001a6be034420
 Prev Bits: [0x000001a6d3270000, 0x000001a6d4fd0000)
 Next Bits: [0x000001a6d1510000, 0x000001a6d3270000)

Polling page: 0x000001a6bbd00000

Metaspace:

Usage:
  Non-class:     60.77 MB used.
      Class:      8.09 MB used.
       Both:     68.87 MB used.

Virtual space:
  Non-class space:       64.00 MB reserved,      60.94 MB ( 95%) committed,  1 nodes.
      Class space:        1.00 GB reserved,       8.25 MB ( <1%) committed,  1 nodes.
             Both:        1.06 GB reserved,      69.19 MB (  6%) committed. 

Chunk freelists:
   Non-Class:  2.42 MB
       Class:  7.80 MB
        Both:  10.22 MB

MaxMetaspaceSize: unlimited
CompressedClassSpaceSize: 1.00 GB
Initial GC threshold: 21.00 MB
Current GC threshold: 90.94 MB
CDS: off
MetaspaceReclaimPolicy: balanced
 - commit_granule_bytes: 65536.
 - commit_granule_words: 8192.
 - virtual_space_node_default_size: 8388608.
 - enlarge_chunks_in_place: 1.
 - new_chunks_are_fully_committed: 0.
 - uncommit_free_chunks: 1.
 - use_allocation_guard: 0.
 - handle_deallocations: 1.


Internal statistics:

num_allocs_failed_limit: 6.
num_arena_births: 266.
num_arena_deaths: 0.
num_vsnodes_births: 2.
num_vsnodes_deaths: 0.
num_space_committed: 1105.
num_space_uncommitted: 0.
num_chunks_returned_to_freelist: 6.
num_chunks_taken_from_freelist: 2437.
num_chunk_merges: 6.
num_chunk_splits: 2035.
num_chunks_enlarged: 1846.
num_inconsistent_stats: 0.

CodeHeap 'non-profiled nmethods': size=120000Kb used=2799Kb max_used=2799Kb free=117200Kb
 bounds [0x000001a6c8f80000, 0x000001a6c9240000, 0x000001a6d04b0000]
CodeHeap 'profiled nmethods': size=120000Kb used=18944Kb max_used=18944Kb free=101056Kb
 bounds [0x000001a6c14b0000, 0x000001a6c2730000, 0x000001a6c89e0000]
CodeHeap 'non-nmethods': size=5760Kb used=1370Kb max_used=1384Kb free=4389Kb
 bounds [0x000001a6c89e0000, 0x000001a6c8c50000, 0x000001a6c8f80000]
 total_blobs=8463 nmethods=7764 adapters=609
 compilation: enabled
              stopped_count=0, restarted_count=0
 full_count=0

Compilation events (20 events):
Event: 7.024 Thread 0x000001a6dc073540 nmethod 8672 0x000001a6c923a110 code [0x000001a6c923a2a0, 0x000001a6c923a378]
Event: 7.025 Thread 0x000001a6dc073540 8673       2       kotlin.reflect.jvm.internal.ReflectionFactoryImpl::getOwner (23 bytes)
Event: 7.025 Thread 0x000001a6dc073540 nmethod 8673 0x000001a6c272af90 code [0x000001a6c272b140, 0x000001a6c272b388]
Event: 7.025 Thread 0x000001a6dc073540 8674       2       kotlin.jvm.internal.CallableReference::getOwner (36 bytes)
Event: 7.025 Thread 0x000001a6dc073540 nmethod 8674 0x000001a6c272b490 code [0x000001a6c272b640, 0x000001a6c272b858]
Event: 7.025 Thread 0x000001a6dc073540 8675       2       kotlin.reflect.jvm.internal.KPropertyImpl::<init> (29 bytes)
Event: 7.026 Thread 0x000001a6dc073540 nmethod 8675 0x000001a6c272b990 code [0x000001a6c272bc00, 0x000001a6c272c208]
Event: 7.071 Thread 0x000001a6dc073540 8676       2       kotlin.SafePublicationLazyImpl::getValue (56 bytes)
Event: 7.071 Thread 0x000001a6dc073540 nmethod 8676 0x000001a6c272c610 code [0x000001a6c272c7e0, 0x000001a6c272ca58]
Event: 7.071 Thread 0x000001a6dc073540 8677       2       org.jetbrains.kotlin.codegen.intrinsics.IntrinsicsMap::registerIntrinsic (61 bytes)
Event: 7.072 Thread 0x000001a6dc073540 nmethod 8677 0x000001a6c272cb10 code [0x000001a6c272cda0, 0x000001a6c272d4d8]
Event: 7.072 Thread 0x000001a6dc073540 8678       2       org.jetbrains.kotlin.codegen.intrinsics.IntrinsicsMap$Key::<init> (38 bytes)
Event: 7.073 Thread 0x000001a6dc073540 nmethod 8678 0x000001a6c272da10 code [0x000001a6c272dc40, 0x000001a6c272e1b8]
Event: 7.073 Thread 0x000001a6dc073540 8679       2       org.jetbrains.kotlin.codegen.intrinsics.IntrinsicMethods::declareIntrinsicFunction (39 bytes)
Event: 7.073 Thread 0x000001a6dc073540 nmethod 8679 0x000001a6c272e490 code [0x000001a6c272e660, 0x000001a6c272e858]
Event: 7.128 Thread 0x000001a6dc073540 8680       2       org.jetbrains.kotlin.name.FqNameUnsafe::shortNameOrSpecial (34 bytes)
Event: 7.129 Thread 0x000001a6dc073540 nmethod 8680 0x000001a6c272e990 code [0x000001a6c272eb40, 0x000001a6c272ecf8]
Event: 7.131 Thread 0x000001a6dc073540 8681       1       org.jetbrains.kotlin.psi2ir.descriptors.IrBuiltInsOverDescriptors::getUnitType (5 bytes)
Event: 7.131 Thread 0x000001a6dc073540 nmethod 8681 0x000001a6c923a410 code [0x000001a6c923a5a0, 0x000001a6c923a678]
Event: 7.140 Thread 0x000001a6dc073540 8682       1       org.jetbrains.kotlin.ir.declarations.impl.IrFunctionCommonImpl::getName (5 bytes)

GC Heap History (20 events):
Event: 2.225 GC heap before
{Heap before GC invocations=7 (full 0):
 garbage-first heap   total 70656K, used 37725K [0x000000008a800000, 0x0000000100000000)
  region size 1024K, 19 young (19456K), 1 survivors (1024K)
 Metaspace       used 35754K, committed 35968K, reserved 1114112K
  class space    used 4525K, committed 4672K, reserved 1048576K
}
Event: 2.232 GC heap after
{Heap after GC invocations=8 (full 0):
 garbage-first heap   total 70656K, used 20318K [0x000000008a800000, 0x0000000100000000)
  region size 1024K, 3 young (3072K), 3 survivors (3072K)
 Metaspace       used 35754K, committed 35968K, reserved 1114112K
  class space    used 4525K, committed 4672K, reserved 1048576K
}
Event: 2.667 GC heap before
{Heap before GC invocations=9 (full 0):
 garbage-first heap   total 70656K, used 51038K [0x000000008a800000, 0x0000000100000000)
  region size 1024K, 33 young (33792K), 3 survivors (3072K)
 Metaspace       used 42380K, committed 42560K, reserved 1114112K
  class space    used 5191K, committed 5312K, reserved 1048576K
}
Event: 2.675 GC heap after
{Heap after GC invocations=10 (full 0):
 garbage-first heap   total 70656K, used 22931K [0x000000008a800000, 0x0000000100000000)
  region size 1024K, 5 young (5120K), 5 survivors (5120K)
 Metaspace       used 42380K, committed 42560K, reserved 1114112K
  class space    used 5191K, committed 5312K, reserved 1048576K
}
Event: 3.125 GC heap before
{Heap before GC invocations=10 (full 0):
 garbage-first heap   total 70656K, used 54675K [0x000000008a800000, 0x0000000100000000)
  region size 1024K, 33 young (33792K), 5 survivors (5120K)
 Metaspace       used 47007K, committed 47232K, reserved 1114112K
  class space    used 5716K, committed 5824K, reserved 1048576K
}
Event: 3.140 GC heap after
{Heap after GC invocations=11 (full 0):
 garbage-first heap   total 70656K, used 29246K [0x000000008a800000, 0x0000000100000000)
  region size 1024K, 5 young (5120K), 5 survivors (5120K)
 Metaspace       used 47007K, committed 47232K, reserved 1114112K
  class space    used 5716K, committed 5824K, reserved 1048576K
}
Event: 3.242 GC heap before
{Heap before GC invocations=11 (full 0):
 garbage-first heap   total 70656K, used 52798K [0x000000008a800000, 0x0000000100000000)
  region size 1024K, 28 young (28672K), 5 survivors (5120K)
 Metaspace       used 47380K, committed 47552K, reserved 1114112K
  class space    used 5752K, committed 5824K, reserved 1048576K
}
Event: 3.250 GC heap after
{Heap after GC invocations=12 (full 0):
 garbage-first heap   total 84992K, used 31486K [0x000000008a800000, 0x0000000100000000)
  region size 1024K, 2 young (2048K), 2 survivors (2048K)
 Metaspace       used 47380K, committed 47552K, reserved 1114112K
  class space    used 5752K, committed 5824K, reserved 1048576K
}
Event: 3.935 GC heap before
{Heap before GC invocations=12 (full 0):
 garbage-first heap   total 84992K, used 64254K [0x000000008a800000, 0x0000000100000000)
  region size 1024K, 34 young (34816K), 2 survivors (2048K)
 Metaspace       used 52242K, committed 52480K, reserved 1114112K
  class space    used 6246K, committed 6336K, reserved 1048576K
}
Event: 3.949 GC heap after
{Heap after GC invocations=13 (full 0):
 garbage-first heap   total 84992K, used 36269K [0x000000008a800000, 0x0000000100000000)
  region size 1024K, 5 young (5120K), 5 survivors (5120K)
 Metaspace       used 52242K, committed 52480K, reserved 1114112K
  class space    used 6246K, committed 6336K, reserved 1048576K
}
Event: 4.368 GC heap before
{Heap before GC invocations=13 (full 0):
 garbage-first heap   total 84992K, used 63917K [0x000000008a800000, 0x0000000100000000)
  region size 1024K, 32 young (32768K), 5 survivors (5120K)
 Metaspace       used 52769K, committed 52992K, reserved 1114112K
  class space    used 6272K, committed 6400K, reserved 1048576K
}
Event: 4.387 GC heap after
{Heap after GC invocations=14 (full 0):
 garbage-first heap   total 84992K, used 41521K [0x000000008a800000, 0x0000000100000000)
  region size 1024K, 4 young (4096K), 4 survivors (4096K)
 Metaspace       used 52769K, committed 52992K, reserved 1114112K
  class space    used 6272K, committed 6400K, reserved 1048576K
}
Event: 4.445 GC heap before
{Heap before GC invocations=14 (full 0):
 garbage-first heap   total 84992K, used 65073K [0x000000008a800000, 0x0000000100000000)
  region size 1024K, 27 young (27648K), 4 survivors (4096K)
 Metaspace       used 52978K, committed 53184K, reserved 1114112K
  class space    used 6292K, committed 6400K, reserved 1048576K
}
Event: 4.455 GC heap after
{Heap after GC invocations=15 (full 0):
 garbage-first heap   total 84992K, used 42975K [0x000000008a800000, 0x0000000100000000)
  region size 1024K, 1 young (1024K), 1 survivors (1024K)
 Metaspace       used 52978K, committed 53184K, reserved 1114112K
  class space    used 6292K, committed 6400K, reserved 1048576K
}
Event: 4.714 GC heap before
{Heap before GC invocations=15 (full 0):
 garbage-first heap   total 84992K, used 65503K [0x000000008a800000, 0x0000000100000000)
  region size 1024K, 24 young (24576K), 1 survivors (1024K)
 Metaspace       used 55616K, committed 55872K, reserved 1114112K
  class space    used 6609K, committed 6720K, reserved 1048576K
}
Event: 4.720 GC heap after
{Heap after GC invocations=16 (full 0):
 garbage-first heap   total 154624K, used 43840K [0x000000008a800000, 0x0000000100000000)
  region size 1024K, 2 young (2048K), 2 survivors (2048K)
 Metaspace       used 55616K, committed 55872K, reserved 1114112K
  class space    used 6609K, committed 6720K, reserved 1048576K
}
Event: 6.391 GC heap before
{Heap before GC invocations=17 (full 0):
 garbage-first heap   total 154624K, used 114496K [0x000000008a800000, 0x0000000100000000)
  region size 1024K, 70 young (71680K), 2 survivors (2048K)
 Metaspace       used 65607K, committed 65920K, reserved 1114112K
  class space    used 7789K, committed 7936K, reserved 1048576K
}
Event: 6.404 GC heap after
{Heap after GC invocations=18 (full 0):
 garbage-first heap   total 154624K, used 51918K [0x000000008a800000, 0x0000000100000000)
  region size 1024K, 9 young (9216K), 9 survivors (9216K)
 Metaspace       used 65607K, committed 65920K, reserved 1114112K
  class space    used 7789K, committed 7936K, reserved 1048576K
}
Event: 6.418 GC heap before
{Heap before GC invocations=18 (full 0):
 garbage-first heap   total 154624K, used 51918K [0x000000008a800000, 0x0000000100000000)
  region size 1024K, 10 young (10240K), 9 survivors (9216K)
 Metaspace       used 65714K, committed 65984K, reserved 1114112K
  class space    used 7799K, committed 7936K, reserved 1048576K
}
Event: 6.427 GC heap after
{Heap after GC invocations=19 (full 0):
 garbage-first heap   total 154624K, used 51993K [0x000000008a800000, 0x0000000100000000)
  region size 1024K, 1 young (1024K), 1 survivors (1024K)
 Metaspace       used 65714K, committed 65984K, reserved 1114112K
  class space    used 7799K, committed 7936K, reserved 1048576K
}

Dll operation events (2 events):
Event: 0.010 Loaded shared library C:\Program Files\Android\Android Studio\jbr\bin\java.dll
Event: 1.418 Loaded shared library C:\Program Files\Android\Android Studio\jbr\bin\verify.dll

Deoptimization events (20 events):
Event: 6.877 Thread 0x000001a6bdfddee0 DEOPT PACKING pc=0x000001a6c8fe78ac sp=0x000000881d6fdc70
Event: 6.877 Thread 0x000001a6bdfddee0 DEOPT UNPACKING pc=0x000001a6c8a369a3 sp=0x000000881d6fdb08 mode 2
Event: 6.905 Thread 0x000001a6bdfddee0 Uncommon trap: trap_request=0xffffffc6 fr.pc=0x000001a6c9113544 relative=0x00000000000006c4
Event: 6.905 Thread 0x000001a6bdfddee0 Uncommon trap: reason=bimorphic_or_optimized_type_check action=maybe_recompile pc=0x000001a6c9113544 method=org.jetbrains.kotlin.storage.LockBasedStorageManager$LockBasedLazyValue.invoke()Ljava/lang/Object; @ 181 c2
Event: 6.905 Thread 0x000001a6bdfddee0 DEOPT PACKING pc=0x000001a6c9113544 sp=0x000000881d6fbc10
Event: 6.905 Thread 0x000001a6bdfddee0 DEOPT UNPACKING pc=0x000001a6c8a369a3 sp=0x000000881d6fbb60 mode 2
Event: 6.905 Thread 0x000001a6bdfddee0 Uncommon trap: trap_request=0xffffffc6 fr.pc=0x000001a6c9113544 relative=0x00000000000006c4
Event: 6.905 Thread 0x000001a6bdfddee0 Uncommon trap: reason=bimorphic_or_optimized_type_check action=maybe_recompile pc=0x000001a6c9113544 method=org.jetbrains.kotlin.storage.LockBasedStorageManager$LockBasedLazyValue.invoke()Ljava/lang/Object; @ 181 c2
Event: 6.905 Thread 0x000001a6bdfddee0 DEOPT PACKING pc=0x000001a6c9113544 sp=0x000000881d6fbda0
Event: 6.905 Thread 0x000001a6bdfddee0 DEOPT UNPACKING pc=0x000001a6c8a369a3 sp=0x000000881d6fbcf0 mode 2
Event: 6.906 Thread 0x000001a6bdfddee0 Uncommon trap: trap_request=0xffffffc6 fr.pc=0x000001a6c91d424c relative=0x000000000000092c
Event: 6.906 Thread 0x000001a6bdfddee0 Uncommon trap: reason=bimorphic_or_optimized_type_check action=maybe_recompile pc=0x000001a6c91d424c method=org.jetbrains.kotlin.storage.LockBasedStorageManager$LockBasedLazyValue.invoke()Ljava/lang/Object; @ 24 c2
Event: 6.906 Thread 0x000001a6bdfddee0 DEOPT PACKING pc=0x000001a6c91d424c sp=0x000000881d6fbd40
Event: 6.906 Thread 0x000001a6bdfddee0 DEOPT UNPACKING pc=0x000001a6c8a369a3 sp=0x000000881d6fbc28 mode 2
Event: 7.004 Thread 0x000001a6bdfddee0 Uncommon trap: trap_request=0xffffff45 fr.pc=0x000001a6c9114540 relative=0x00000000000003a0
Event: 7.004 Thread 0x000001a6bdfddee0 Uncommon trap: reason=unstable_if action=reinterpret pc=0x000001a6c9114540 method=kotlin.LazyKt__LazyJVMKt.lazy(Lkotlin/LazyThreadSafetyMode;Lkotlin/jvm/functions/Function0;)Lkotlin/Lazy; @ 21 c2
Event: 7.004 Thread 0x000001a6bdfddee0 DEOPT PACKING pc=0x000001a6c9114540 sp=0x000000881d6fe430
Event: 7.004 Thread 0x000001a6bdfddee0 DEOPT UNPACKING pc=0x000001a6c8a369a3 sp=0x000000881d6fe3f0 mode 2
Event: 7.133 Thread 0x000001a6bdfddee0 DEOPT PACKING pc=0x000001a6c25806cc sp=0x000000881d6fe3c0
Event: 7.133 Thread 0x000001a6bdfddee0 DEOPT UNPACKING pc=0x000001a6c8a37143 sp=0x000000881d6fd858 mode 0

Classes unloaded (0 events):
No events

Classes redefined (0 events):
No events

Internal exceptions (20 events):
Event: 4.204 Thread 0x000001a6bdfddee0 Implicit null exception at 0x000001a6c910ea13 to 0x000001a6c910ee50
Event: 4.204 Thread 0x000001a6bdfddee0 Implicit null exception at 0x000001a6c90ee30f to 0x000001a6c90ee340
Event: 4.209 Thread 0x000001a6bdfddee0 Exception <a 'java/lang/NoSuchMethodError'{0x000000008ec304e8}: 'java.lang.Object java.lang.invoke.DirectMethodHandle$Holder.newInvokeSpecial(java.lang.Object, int, java.lang.Object)'> (0x000000008ec304e8) 
thrown [s\src\hotspot\share\interpreter\linkResolver.cpp, line 771]
Event: 4.210 Thread 0x000001a6bdfddee0 Exception <a 'java/lang/NoSuchMethodError'{0x000000008ec36ac8}: 'int java.lang.invoke.DirectMethodHandle$Holder.invokeInterface(java.lang.Object, java.lang.Object)'> (0x000000008ec36ac8) 
thrown [s\src\hotspot\share\interpreter\linkResolver.cpp, line 771]
Event: 4.599 Thread 0x000001a6bdfddee0 Implicit null exception at 0x000001a6c904c889 to 0x000001a6c904c970
Event: 4.599 Thread 0x000001a6bdfddee0 Implicit null exception at 0x000001a6c8fe2d58 to 0x000001a6c8fe2dea
Event: 4.768 Thread 0x000001a6bdfddee0 Implicit null exception at 0x000001a6c90b724c to 0x000001a6c90b7328
Event: 4.969 Thread 0x000001a6bdfddee0 Exception <a 'java/lang/NoSuchMethodError'{0x000000009328d398}: 'java.lang.Object java.lang.invoke.DirectMethodHandle$Holder.invokeStatic(java.lang.Object, java.lang.Object, java.lang.Object, java.lang.Object, int)'> (0x000000009328d398) 
thrown [s\src\hotspot\share\interpreter\linkResolver.cpp, line 771]
Event: 4.969 Thread 0x000001a6bdfddee0 Exception <a 'java/lang/NoSuchMethodError'{0x0000000093297080}: 'java.lang.Object java.lang.invoke.DirectMethodHandle$Holder.newInvokeSpecial(java.lang.Object, java.lang.Object, java.lang.Object, java.lang.Object, int)'> (0x0000000093297080) 
thrown [s\src\hotspot\share\interpreter\linkResolver.cpp, line 771]
Event: 4.970 Thread 0x000001a6bdfddee0 Exception <a 'java/lang/NoSuchMethodError'{0x000000009329f150}: 'java.lang.Object java.lang.invoke.Invokers$Holder.linkToTargetMethod(java.lang.Object, java.lang.Object, java.lang.Object, int, java.lang.Object)'> (0x000000009329f150) 
thrown [s\src\hotspot\share\interpreter\linkResolver.cpp, line 771]
Event: 5.017 Thread 0x000001a6bdfddee0 Exception <a 'java/lang/NoSuchMethodError'{0x0000000093045700}: 'void java.lang.invoke.DirectMethodHandle$Holder.invokeInterface(java.lang.Object, java.lang.Object)'> (0x0000000093045700) 
thrown [s\src\hotspot\share\interpreter\linkResolver.cpp, line 771]
Event: 5.089 Thread 0x000001a6bdfddee0 Exception <a 'java/lang/IncompatibleClassChangeError'{0x0000000092e4e5a0}: Found class java.lang.Object, but interface was expected> (0x0000000092e4e5a0) 
thrown [s\src\hotspot\share\interpreter\linkResolver.cpp, line 838]
Event: 5.192 Thread 0x000001a6bdfddee0 Implicit null exception at 0x000001a6c911dedc to 0x000001a6c911e760
Event: 5.626 Thread 0x000001a6bdfddee0 Exception <a 'java/lang/NoSuchMethodError'{0x0000000091814490}: 'java.lang.Object java.lang.invoke.DirectMethodHandle$Holder.newInvokeSpecial(java.lang.Object, java.lang.Object, java.lang.Object, java.lang.Object, java.lang.Object, java.lang.Object, java.lang.Object)'> (0x0000000091814490) 
thrown [s\src\hotspot\share\interpreter\linkResolver.cpp, line 771]
Event: 5.626 Thread 0x000001a6bdfddee0 Exception <a 'java/lang/NoSuchMethodError'{0x0000000091819048}: 'java.lang.Object java.lang.invoke.Invokers$Holder.linkToTargetMethod(java.lang.Object, java.lang.Object, java.lang.Object, java.lang.Object, java.lang.Object, java.lang.Object, java.lang.Object)'> (0x0000000091819048) 
thrown [s\src\hotspot\share\interpreter\linkResolver.cpp, line 771]
Event: 6.058 Thread 0x000001a6bdfddee0 Exception <a 'java/lang/NoSuchMethodError'{0x0000000090b20dc0}: 'int java.lang.invoke.DirectMethodHandle$Holder.invokeStaticInit(java.lang.Object, int)'> (0x0000000090b20dc0) 
thrown [s\src\hotspot\share\interpreter\linkResolver.cpp, line 771]
Event: 6.100 Thread 0x000001a6bdfddee0 Implicit null exception at 0x000001a6c9031eea to 0x000001a6c90320a8
Event: 6.238 Thread 0x000001a6bdfddee0 Exception <a 'java/lang/NoSuchMethodError'{0x00000000903866c0}: 'java.lang.Object java.lang.invoke.DirectMethodHandle$Holder.invokeStaticInit(java.lang.Object, java.lang.Object, java.lang.Object, java.lang.Object)'> (0x00000000903866c0) 
thrown [s\src\hotspot\share\interpreter\linkResolver.cpp, line 771]
Event: 6.813 Thread 0x000001a6bdfddee0 Exception <a 'java/lang/NoSuchMethodError'{0x00000000926e5ad8}: 'java.lang.Object java.lang.invoke.Invokers$Holder.linkToTargetMethod(java.lang.Object, java.lang.Object, int, int, java.lang.Object, java.lang.Object, java.lang.Object, java.lang.Object, java.lang.Object)'> (0x00000000926e5ad8) 
thrown [s\src\hotspot\share\interpreter\linkResolver.cpp, line 771]
Event: 6.877 Thread 0x000001a6bdfddee0 Implicit null exception at 0x000001a6c8fe766d to 0x000001a6c8fe788c

VM Operations (20 events):
Event: 6.865 Executing VM operation: HandshakeAllThreads
Event: 6.865 Executing VM operation: HandshakeAllThreads done
Event: 6.893 Executing VM operation: ICBufferFull
Event: 6.893 Executing VM operation: ICBufferFull done
Event: 6.941 Executing VM operation: ICBufferFull
Event: 6.941 Executing VM operation: ICBufferFull done
Event: 6.986 Executing VM operation: HandshakeAllThreads
Event: 6.986 Executing VM operation: HandshakeAllThreads done
Event: 7.002 Executing VM operation: HandshakeAllThreads
Event: 7.002 Executing VM operation: HandshakeAllThreads done
Event: 7.009 Executing VM operation: HandshakeAllThreads
Event: 7.009 Executing VM operation: HandshakeAllThreads done
Event: 7.014 Executing VM operation: HandshakeAllThreads
Event: 7.014 Executing VM operation: HandshakeAllThreads done
Event: 7.049 Executing VM operation: HandshakeAllThreads
Event: 7.049 Executing VM operation: HandshakeAllThreads done
Event: 7.133 Executing VM operation: HandshakeAllThreads
Event: 7.133 Executing VM operation: HandshakeAllThreads done
Event: 7.137 Executing VM operation: HandshakeAllThreads
Event: 7.137 Executing VM operation: HandshakeAllThreads done

Events (20 events):
Event: 6.246 loading class jdk/internal/math/FloatingDecimal$PreparedASCIIToBinaryBuffer done
Event: 6.246 loading class jdk/internal/math/FloatingDecimal$ASCIIToBinaryBuffer
Event: 6.246 loading class jdk/internal/math/FloatingDecimal$ASCIIToBinaryBuffer done
Event: 6.256 loading class java/text/FieldPosition
Event: 6.256 loading class java/text/FieldPosition done
Event: 6.256 loading class java/util/Date
Event: 6.257 loading class java/util/Date done
Event: 6.257 loading class java/text/MessageFormat$Field
Event: 6.257 loading class java/text/Format$Field
Event: 6.257 loading class java/text/AttributedCharacterIterator$Attribute
Event: 6.257 loading class java/text/AttributedCharacterIterator$Attribute done
Event: 6.257 loading class java/text/Format$Field done
Event: 6.257 loading class java/text/MessageFormat$Field done
Event: 6.582 Thread 0x000001a6dc074c80 flushing nmethod 0x000001a6c1dfbe10
Event: 6.583 Thread 0x000001a6dc074c80 flushing nmethod 0x000001a6c1f94d90
Event: 6.584 Thread 0x000001a6dc074c80 flushing nmethod 0x000001a6c1ff7c10
Event: 6.584 Thread 0x000001a6dc074c80 flushing nmethod 0x000001a6c206a310
Event: 6.584 Thread 0x000001a6dc074c80 flushing nmethod 0x000001a6c206a910
Event: 6.584 Thread 0x000001a6dc074c80 flushing nmethod 0x000001a6c206b210
Event: 6.584 Thread 0x000001a6dc074c80 flushing nmethod 0x000001a6c20b3b10


Dynamic libraries:
0x00007ff600530000 - 0x00007ff60053a000 	C:\Program Files\Android\Android Studio\jbr\bin\java.exe
0x00007ffadbe30000 - 0x00007ffadc046000 	C:\WINDOWS\SYSTEM32\ntdll.dll
0x00007ffadafe0000 - 0x00007ffadb0a4000 	C:\WINDOWS\System32\KERNEL32.DLL
0x00007ffad95e0000 - 0x00007ffad9987000 	C:\WINDOWS\System32\KERNELBASE.dll
0x00007ffad9a10000 - 0x00007ffad9b21000 	C:\WINDOWS\System32\ucrtbase.dll
0x00007ffa9cae0000 - 0x00007ffa9cafb000 	C:\Program Files\Android\Android Studio\jbr\bin\VCRUNTIME140.dll
0x00007ffa82350000 - 0x00007ffa82367000 	C:\Program Files\Android\Android Studio\jbr\bin\jli.dll
0x00007ffadad50000 - 0x00007ffadaefe000 	C:\WINDOWS\System32\USER32.dll
0x00007ffac22e0000 - 0x00007ffac2573000 	C:\WINDOWS\WinSxS\amd64_microsoft.windows.common-controls_6595b64144ccf1df_6.0.22621.3235_none_270f74e173860f98\COMCTL32.dll
0x00007ffad91c0000 - 0x00007ffad91e6000 	C:\WINDOWS\System32\win32u.dll
0x00007ffad9b60000 - 0x00007ffad9c07000 	C:\WINDOWS\System32\msvcrt.dll
0x00007ffadb220000 - 0x00007ffadb249000 	C:\WINDOWS\System32\GDI32.dll
0x00007ffad94c0000 - 0x00007ffad95d9000 	C:\WINDOWS\System32\gdi32full.dll
0x00007ffad92b0000 - 0x00007ffad934a000 	C:\WINDOWS\System32\msvcp_win.dll
0x00007ffada6e0000 - 0x00007ffada711000 	C:\WINDOWS\System32\IMM32.DLL
0x00007ffa99570000 - 0x00007ffa9957c000 	C:\Program Files\Android\Android Studio\jbr\bin\vcruntime140_1.dll
0x00007ffa8c780000 - 0x00007ffa8c80d000 	C:\Program Files\Android\Android Studio\jbr\bin\msvcp140.dll
0x00007ffa62710000 - 0x00007ffa63393000 	C:\Program Files\Android\Android Studio\jbr\bin\server\jvm.dll
0x00007ffadb3c0000 - 0x00007ffadb472000 	C:\WINDOWS\System32\ADVAPI32.dll
0x00007ffadbba0000 - 0x00007ffadbc48000 	C:\WINDOWS\System32\sechost.dll
0x00007ffad9b30000 - 0x00007ffad9b58000 	C:\WINDOWS\System32\bcrypt.dll
0x00007ffadbcd0000 - 0x00007ffadbde5000 	C:\WINDOWS\System32\RPCRT4.dll
0x00007ffad0b80000 - 0x00007ffad0bb4000 	C:\WINDOWS\SYSTEM32\WINMM.dll
0x00007ffad2a30000 - 0x00007ffad2a39000 	C:\WINDOWS\SYSTEM32\WSOCK32.dll
0x00007ffad8da0000 - 0x00007ffad8ded000 	C:\WINDOWS\SYSTEM32\POWRPROF.dll
0x00007ffadbc50000 - 0x00007ffadbcc1000 	C:\WINDOWS\System32\WS2_32.dll
0x00007ffacf840000 - 0x00007ffacf84a000 	C:\WINDOWS\SYSTEM32\VERSION.dll
0x00007ffad8be0000 - 0x00007ffad8bf3000 	C:\WINDOWS\SYSTEM32\UMPDC.dll
0x00007ffad8190000 - 0x00007ffad81a8000 	C:\WINDOWS\SYSTEM32\kernel.appcore.dll
0x00007ffad1340000 - 0x00007ffad134a000 	C:\Program Files\Android\Android Studio\jbr\bin\jimage.dll
0x00007fface8e0000 - 0x00007ffaceb13000 	C:\WINDOWS\SYSTEM32\DBGHELP.DLL
0x00007ffada800000 - 0x00007ffadab88000 	C:\WINDOWS\System32\combase.dll
0x00007ffadaf00000 - 0x00007ffadafd7000 	C:\WINDOWS\System32\OLEAUT32.dll
0x00007ffabe1a0000 - 0x00007ffabe1d2000 	C:\WINDOWS\SYSTEM32\dbgcore.DLL
0x00007ffad9990000 - 0x00007ffad9a09000 	C:\WINDOWS\System32\bcryptPrimitives.dll
0x00007ffad1310000 - 0x00007ffad1335000 	C:\Program Files\Android\Android Studio\jbr\bin\java.dll
0x00007ffa9ce50000 - 0x00007ffa9ce68000 	C:\Program Files\Android\Android Studio\jbr\bin\zip.dll
0x00007ffad9c10000 - 0x00007ffada46c000 	C:\WINDOWS\System32\SHELL32.dll
0x00007ffad70b0000 - 0x00007ffad79a9000 	C:\WINDOWS\SYSTEM32\windows.storage.dll
0x00007ffad6f70000 - 0x00007ffad70ae000 	C:\WINDOWS\SYSTEM32\wintypes.dll
0x00007ffadb250000 - 0x00007ffadb343000 	C:\WINDOWS\System32\SHCORE.dll
0x00007ffadb0b0000 - 0x00007ffadb10e000 	C:\WINDOWS\System32\shlwapi.dll
0x00007ffad9080000 - 0x00007ffad90a1000 	C:\WINDOWS\SYSTEM32\profapi.dll
0x00007ffad2ae0000 - 0x00007ffad2af9000 	C:\Program Files\Android\Android Studio\jbr\bin\net.dll
0x00007ffad1cc0000 - 0x00007ffad1df6000 	C:\WINDOWS\SYSTEM32\WINHTTP.dll
0x00007ffad8600000 - 0x00007ffad8669000 	C:\WINDOWS\system32\mswsock.dll
0x00007ffad2ac0000 - 0x00007ffad2ad6000 	C:\Program Files\Android\Android Studio\jbr\bin\nio.dll
0x00007ffa9ce40000 - 0x00007ffa9ce50000 	C:\Program Files\Android\Android Studio\jbr\bin\verify.dll

dbghelp: loaded successfully - version: 4.0.5 - missing functions: none
symbol engine: initialized successfully - sym options: 0x614 - pdb path: .;C:\Program Files\Android\Android Studio\jbr\bin;C:\WINDOWS\SYSTEM32;C:\WINDOWS\WinSxS\amd64_microsoft.windows.common-controls_6595b64144ccf1df_6.0.22621.3235_none_270f74e173860f98;C:\Program Files\Android\Android Studio\jbr\bin\server

VM Arguments:
java_command: org.jetbrains.kotlin.cli.jvm.K2JVMCompiler @C:\Users\TGDD\AndroidStudioProjects\BookAppKotlin\app\build\20240415_3988374907069917263.compiler.options
java_class_path (initial): C:\Users\TGDD\.gradle\caches\modules-2\files-2.1\org.jetbrains.kotlin\kotlin-compiler-embeddable\1.9.0\2c8c3a7402becca891f12739b3e9fd2dc2adbd7a\kotlin-compiler-embeddable-1.9.0.jar;C:\Users\TGDD\.gradle\caches\modules-2\files-2.1\org.jetbrains.kotlin\kotlin-stdlib\1.9.0\8ee15ef0c67dc83d874f412d84378d7f0eb50b63\kotlin-stdlib-1.9.0.jar;C:\Users\TGDD\.gradle\caches\modules-2\files-2.1\org.jetbrains.kotlin\kotlin-script-runtime\1.9.0\4b3102cbbb7e1b58d9d1adf89563f00069ffa7d1\kotlin-script-runtime-1.9.0.jar;C:\Users\TGDD\.gradle\caches\modules-2\files-2.1\org.jetbrains.kotlin\kotlin-reflect\1.6.10\1cbe9c92c12a94eea200d23c2bbaedaf3daf5132\kotlin-reflect-1.6.10.jar;C:\Users\TGDD\.gradle\caches\modules-2\files-2.1\org.jetbrains.kotlin\kotlin-daemon-embeddable\1.9.0\186543f5e28cf8d9a0290fecc2cf34301c40a65c\kotlin-daemon-embeddable-1.9.0.jar;C:\Users\TGDD\.gradle\caches\modules-2\files-2.1\org.jetbrains.intellij.deps\trove4j\1.0.20200330\3afb14d5f9ceb459d724e907a21145e8ff394f02\trove4j-1.0.20200330.jar;C:\Users\TGDD\.gradle\caches\modules-2\files-2.1\org.jetbrains.kotlin\kotlin-stdlib-common\1.9.0\cd65c21cfd1eec4d44ef09f9f52b6d9f8a720636\kotlin-stdlib-common-1.9.0.jar;C:\Users\TGDD\.gradle\caches\modules-2\files-2.1\org.jetbrains\annotations\13.0\919f0dfe192fb4e063e7dacadee7f8bb9a2672a9\annotations-13.0.jar
Launcher Type: SUN_STANDARD

[Global flags]
     intx CICompilerCount                          = 4                                         {product} {ergonomic}
     uint ConcGCThreads                            = 3                                         {product} {ergonomic}
     uint G1ConcRefinementThreads                  = 10                                        {product} {ergonomic}
   size_t G1HeapRegionSize                         = 1048576                                   {product} {ergonomic}
    uintx GCDrainStackTargetSize                   = 64                                        {product} {ergonomic}
   size_t InitialHeapSize                          = 123731968                                 {product} {ergonomic}
   size_t MarkStackSize                            = 4194304                                   {product} {ergonomic}
   size_t MaxHeapSize                              = 1971322880                                {product} {ergonomic}
   size_t MaxNewSize                               = 1182793728                                {product} {ergonomic}
   size_t MinHeapDeltaBytes                        = 1048576                                   {product} {ergonomic}
   size_t MinHeapSize                              = 8388608                                   {product} {ergonomic}
    uintx NonNMethodCodeHeapSize                   = 5839372                                {pd product} {ergonomic}
    uintx NonProfiledCodeHeapSize                  = 122909434                              {pd product} {ergonomic}
    uintx ProfiledCodeHeapSize                     = 122909434                              {pd product} {ergonomic}
    uintx ReservedCodeCacheSize                    = 251658240                              {pd product} {ergonomic}
     bool SegmentedCodeCache                       = true                                      {product} {ergonomic}
   size_t SoftMaxHeapSize                          = 1971322880                             {manageable} {ergonomic}
     bool UseCompressedClassPointers               = true                           {product lp64_product} {ergonomic}
     bool UseCompressedOops                        = true                           {product lp64_product} {ergonomic}
     bool UseG1GC                                  = true                                      {product} {ergonomic}
     bool UseLargePagesIndividualAllocation        = false                                  {pd product} {ergonomic}

Logging:
Log output configuration:
 #0: stdout all=warning uptime,level,tags
 #1: stderr all=off uptime,level,tags

Environment Variables:
JAVA_HOME=C:\Program Files\Java\jdk-19
PATH=D:\VMWare\bin\;C:\Program Files\Common Files\Oracle\Java\javapath;C:\Program Files (x86)\Common Files\Oracle\Java\javapath;C:\Windows\system32;C:\Windows;C:\Windows\System32\Wbem;C:\Windows\System32\WindowsPowerShell\v1.0\;C:\Windows\System32\OpenSSH\;C:\Program Files (x86)\NVIDIA Corporation\PhysX\Common;C:\Program Files\NVIDIA Corporation\NVIDIA NvDLISR;C:\Program Files\Microsoft SQL Server\Client SDK\ODBC\170\Tools\Binn\;C:\Program Files (x86)\Microsoft SQL Server\150\Tools\Binn\;C:\Program Files\Microsoft SQL Server\150\Tools\Binn\;C:\Program Files\Microsoft SQL Server\150\DTS\Binn\;C:\Program Files (x86)\Microsoft SQL Server\150\DTS\Binn\;C:\Program Files\Azure Data Studio\bin;C:\Program Files\Java\jdk-19\bin;C:\WINDOWS\system32;C:\WINDOWS;C:\WINDOWS\System32\Wbem;C:\WINDOWS\System32\WindowsPowerShell\v1.0\;C:\WINDOWS\System32\OpenSSH\;C:\Users\TGDD\AppData\Local\Microsoft\WindowsApps;C:\Users\TGDD\Downloads\jdk-19_windows-x64_bin;C:\Program Files\Azure Data Studio\bin;D:\Downloads\jdk-19_windows-x64_bin;C:\Program Files (x86)\Java\jre1.8.0_241;C:\Users\TGDD\AppData\Local\Programs\Microsoft VS Code\bin;C:\Users\TGDD\AppData\Local\GitHubDesktop\bin;C:\xampp\php;;C:\Program Files\JetBrains\IntelliJ IDEA 2023.3.2\bin;;D:\IntelliJ IDEA Community Edition 2023.3.4\bin;
USERNAME=TGDD
OS=Windows_NT
PROCESSOR_IDENTIFIER=AMD64 Family 23 Model 104 Stepping 1, AuthenticAMD
TMP=C:\Users\TGDD\AppData\Local\Temp
TEMP=C:\Users\TGDD\AppData\Local\Temp



Periodic native trim disabled

JNI global refs:
JNI global refs: 10, weak refs: 18

JNI global refs memory usage: 843, weak refs: 841

OOME stack traces (most recent first):
Classloader memory used:
Loader jdk.internal.loader.ClassLoaders$AppClassLoader                                 : 7451K
Loader bootstrap                                                                       : 1359K
Loader jdk.internal.reflect.DelegatingClassLoader                                      : 10755B


---------------  S Y S T E M  ---------------

OS:
 Windows 11 , 64 bit Build 22621 (10.0.22621.3374)
OS uptime: 0 days 0:10 hours

CPU: total 12 (initial active 12) (12 cores per cpu, 2 threads per core) family 23 model 104 stepping 1 microcode 0x0, cx8, cmov, fxsr, ht, mmx, 3dnowpref, sse, sse2, sse3, ssse3, sse4a, sse4.1, sse4.2, popcnt, lzcnt, tsc, tscinvbit, avx, avx2, aes, clmul, bmi1, bmi2, adx, sha, fma, vzeroupper, clflush, clflushopt
Processor Information for processor 0
  Max Mhz: 2100, Current Mhz: 2100, Mhz Limit: 2100
Processor Information for processor 1
  Max Mhz: 2100, Current Mhz: 2100, Mhz Limit: 2100
Processor Information for processor 2
  Max Mhz: 2100, Current Mhz: 2100, Mhz Limit: 2100
Processor Information for processor 3
  Max Mhz: 2100, Current Mhz: 2100, Mhz Limit: 2100
Processor Information for processor 4
  Max Mhz: 2100, Current Mhz: 2100, Mhz Limit: 2100
Processor Information for processor 5
  Max Mhz: 2100, Current Mhz: 2100, Mhz Limit: 2100
Processor Information for processor 6
  Max Mhz: 2100, Current Mhz: 2100, Mhz Limit: 2100
Processor Information for processor 7
  Max Mhz: 2100, Current Mhz: 2100, Mhz Limit: 2100
Processor Information for processor 8
  Max Mhz: 2100, Current Mhz: 2100, Mhz Limit: 2100
Processor Information for processor 9
  Max Mhz: 2100, Current Mhz: 1988, Mhz Limit: 2100
Processor Information for processor 10
  Max Mhz: 2100, Current Mhz: 2100, Mhz Limit: 2100
Processor Information for processor 11
  Max Mhz: 2100, Current Mhz: 2100, Mhz Limit: 2100

Memory: 4k page, system-wide physical 7514M (209M free)
TotalPageFile size 15706M (AvailPageFile size 7M)
current process WorkingSet (physical memory assigned to process): 331M, peak: 332M
current process commit charge ("private bytes"): 372M, peak: 375M

vm_info: OpenJDK 64-Bit Server VM (17.0.9+0--11185874) for windows-amd64 JRE (17.0.9+0--11185874), built on Dec  6 2023 18:57:44 by "androidbuild" with MS VC++ 16.10 / 16.11 (VS2019)

END.
