#
# There is insufficient memory for the Java Runtime Environment to continue.
# Native memory allocation (malloc) failed to allocate 1840336 bytes for Chunk::new
# Possible reasons:
#   The system is out of physical RAM or swap space
#   The process is running with CompressedOops enabled, and the Java Heap may be blocking the growth of the native heap
# Possible solutions:
#   Reduce memory load on the system
#   Increase physical memory or swap space
#   Check if swap backing store is full
#   Decrease Java heap size (-Xmx/-Xms)
#   Decrease number of Java threads
#   Decrease Java thread stack sizes (-Xss)
#   Set larger code cache with -XX:ReservedCodeCacheSize=
#   JVM is running with Unscaled Compressed Oops mode in which the Java heap is
#     placed in the first 4GB address space. The Java Heap base address is the
#     maximum limit for the native heap growth. Please use -XX:HeapBaseMinAddress
#     to set the Java Heap base and to place the Java Heap above 4GB virtual address.
# This output file may be truncated or incomplete.
#
#  Out of Memory Error (arena.cpp:191), pid=17080, tid=6624
#
# JRE version: OpenJDK Runtime Environment (17.0.9) (build 17.0.9+0--11185874)
# Java VM: OpenJDK 64-Bit Server VM (17.0.9+0--11185874, mixed mode, tiered, compressed oops, compressed class ptrs, g1 gc, windows-amd64)
# No core dump will be written. Minidumps are not enabled by default on client versions of Windows
#

---------------  S U M M A R Y ------------

Command Line: --add-opens=java.base/java.util=ALL-UNNAMED --add-opens=java.base/java.lang=ALL-UNNAMED --add-opens=java.base/java.lang.invoke=ALL-UNNAMED --add-opens=java.prefs/java.util.prefs=ALL-UNNAMED --add-opens=java.base/java.nio.charset=ALL-UNNAMED --add-opens=java.base/java.net=ALL-UNNAMED --add-opens=java.base/java.util.concurrent.atomic=ALL-UNNAMED -Xmx2048m -Dfile.encoding=UTF-8 -Duser.country=US -Duser.language=en -Duser.variant -javaagent:C:\Users\TGDD\.gradle\wrapper\dists\gradle-8.4-bin\1w5dpkrfk8irigvoxmyhowfim\gradle-8.4\lib\agents\gradle-instrumentation-agent-8.4.jar org.gradle.launcher.daemon.bootstrap.GradleDaemon 8.4

Host: AMD Ryzen 5 5500U with Radeon Graphics         , 12 cores, 7G,  Windows 11 , 64 bit Build 22621 (10.0.22621.3374)
Time: Mon Apr 15 15:36:36 2024 SE Asia Standard Time elapsed time: 5.724954 seconds (0d 0h 0m 5s)

---------------  T H R E A D  ---------------

Current thread (0x000002598ad20970):  JavaThread "C2 CompilerThread1" daemon [_thread_in_native, id=6624, stack(0x000000c786000000,0x000000c786100000)]


Current CompileTask:
C2:   5725 4046   !   4       java.net.URLClassLoader$1::run (81 bytes)

Stack: [0x000000c786000000,0x000000c786100000]
Native frames: (J=compiled Java code, j=interpreted, Vv=VM code, C=native code)
V  [jvm.dll+0x6886e9]
V  [jvm.dll+0x841e4a]
V  [jvm.dll+0x843a8e]
V  [jvm.dll+0x8440f3]
V  [jvm.dll+0x24c14f]
V  [jvm.dll+0xac44c]
V  [jvm.dll+0xaca9c]
V  [jvm.dll+0x36c1a2]
V  [jvm.dll+0x33651a]
V  [jvm.dll+0x3359ba]
V  [jvm.dll+0x21ddb1]
V  [jvm.dll+0x21d1d1]
V  [jvm.dll+0x1a674d]
V  [jvm.dll+0x22d088]
V  [jvm.dll+0x22b1c0]
V  [jvm.dll+0x7f62f7]
V  [jvm.dll+0x7f06aa]
V  [jvm.dll+0x687565]
C  [ucrtbase.dll+0x29333]
C  [KERNEL32.DLL+0x1257d]
C  [ntdll.dll+0x5aa48]


---------------  P R O C E S S  ---------------

Threads class SMR info:
_java_thread_list=0x000002598a1f23b0, length=40, elements={
0x00000259eaeb2d30, 0x00000259ff15e880, 0x00000259ff15f700, 0x00000259ff2e12a0,
0x00000259ff2e2de0, 0x00000259ff2e39a0, 0x00000259ff2e6370, 0x00000259ff2e7110,
0x00000259ff2f30d0, 0x00000259ff304290, 0x00000259ff38c9f0, 0x00000259ff576f70,
0x000002598ad20970, 0x000002598abaa810, 0x000002598b76bbc0, 0x000002598aee5010,
0x000002598b73c3b0, 0x000002598ae7a440, 0x000002598b639450, 0x000002598b8e3730,
0x000002598ba8eae0, 0x000002598ba8eff0, 0x000002598ba8dbb0, 0x000002598ba8bd50,
0x000002598ba8d190, 0x000002598ba8f500, 0x000002598ba8c260, 0x000002598ba8d6a0,
0x000002598ba8e5d0, 0x000002598ba8c770, 0x000002598ba8cc80, 0x000002598d7a6d20,
0x000002598d7a95a0, 0x000002598d7a6300, 0x000002598d7a8160, 0x000002598d7a6810,
0x000002598d7a53d0, 0x000002598d7a7230, 0x000002598d7a5df0, 0x000002598d7a49b0
}

Java Threads: ( => current thread )
  0x00000259eaeb2d30 JavaThread "main" [_thread_blocked, id=3140, stack(0x000000c784900000,0x000000c784a00000)]
  0x00000259ff15e880 JavaThread "Reference Handler" daemon [_thread_blocked, id=18084, stack(0x000000c785000000,0x000000c785100000)]
  0x00000259ff15f700 JavaThread "Finalizer" daemon [_thread_blocked, id=5528, stack(0x000000c785100000,0x000000c785200000)]
  0x00000259ff2e12a0 JavaThread "Signal Dispatcher" daemon [_thread_blocked, id=15564, stack(0x000000c785200000,0x000000c785300000)]
  0x00000259ff2e2de0 JavaThread "Attach Listener" daemon [_thread_blocked, id=16660, stack(0x000000c785300000,0x000000c785400000)]
  0x00000259ff2e39a0 JavaThread "Service Thread" daemon [_thread_blocked, id=1008, stack(0x000000c785400000,0x000000c785500000)]
  0x00000259ff2e6370 JavaThread "Monitor Deflation Thread" daemon [_thread_blocked, id=1048, stack(0x000000c785500000,0x000000c785600000)]
  0x00000259ff2e7110 JavaThread "C2 CompilerThread0" daemon [_thread_in_native, id=15864, stack(0x000000c785600000,0x000000c785700000)]
  0x00000259ff2f30d0 JavaThread "C1 CompilerThread0" daemon [_thread_in_native, id=4172, stack(0x000000c785700000,0x000000c785800000)]
  0x00000259ff304290 JavaThread "Sweeper thread" daemon [_thread_blocked, id=4680, stack(0x000000c785800000,0x000000c785900000)]
  0x00000259ff38c9f0 JavaThread "Common-Cleaner" daemon [_thread_blocked, id=5896, stack(0x000000c785900000,0x000000c785a00000)]
  0x00000259ff576f70 JavaThread "Notification Thread" daemon [_thread_blocked, id=17264, stack(0x000000c785a00000,0x000000c785b00000)]
=>0x000002598ad20970 JavaThread "C2 CompilerThread1" daemon [_thread_in_native, id=6624, stack(0x000000c786000000,0x000000c786100000)]
  0x000002598abaa810 JavaThread "Daemon health stats" [_thread_blocked, id=1140, stack(0x000000c786100000,0x000000c786200000)]
  0x000002598b76bbc0 JavaThread "Incoming local TCP Connector on port 53076" [_thread_in_native, id=17304, stack(0x000000c786200000,0x000000c786300000)]
  0x000002598aee5010 JavaThread "Daemon periodic checks" [_thread_blocked, id=11712, stack(0x000000c786300000,0x000000c786400000)]
  0x000002598b73c3b0 JavaThread "Daemon" [_thread_blocked, id=15932, stack(0x000000c786400000,0x000000c786500000)]
  0x000002598ae7a440 JavaThread "Handler for socket connection from /127.0.0.1:53076 to /127.0.0.1:53077" [_thread_in_native, id=6984, stack(0x000000c786500000,0x000000c786600000)]
  0x000002598b639450 JavaThread "Cancel handler" [_thread_blocked, id=8612, stack(0x000000c786600000,0x000000c786700000)]
  0x000002598b8e3730 JavaThread "Daemon worker" [_thread_in_Java, id=15700, stack(0x000000c786700000,0x000000c786800000)]
  0x000002598ba8eae0 JavaThread "Asynchronous log dispatcher for DefaultDaemonConnection: socket connection from /127.0.0.1:53076 to /127.0.0.1:53077" [_thread_blocked, id=11224, stack(0x000000c786800000,0x000000c786900000)]
  0x000002598ba8eff0 JavaThread "Stdin handler" [_thread_blocked, id=8056, stack(0x000000c786900000,0x000000c786a00000)]
  0x000002598ba8dbb0 JavaThread "Daemon client event forwarder" [_thread_blocked, id=13272, stack(0x000000c786a00000,0x000000c786b00000)]
  0x000002598ba8bd50 JavaThread "Cache worker for journal cache (C:\Users\TGDD\.gradle\caches\journal-1)" [_thread_blocked, id=12824, stack(0x000000c787200000,0x000000c787300000)]
  0x000002598ba8d190 JavaThread "File lock request listener" [_thread_in_native, id=17568, stack(0x000000c787300000,0x000000c787400000)]
  0x000002598ba8f500 JavaThread "Cache worker for file hash cache (C:\Users\TGDD\.gradle\caches\8.4\fileHashes)" [_thread_blocked, id=6640, stack(0x000000c787400000,0x000000c787500000)]
  0x000002598ba8c260 JavaThread "File watcher server" daemon [_thread_in_native, id=17948, stack(0x000000c787500000,0x000000c787600000)]
  0x000002598ba8d6a0 JavaThread "File watcher consumer" daemon [_thread_blocked, id=17848, stack(0x000000c787600000,0x000000c787700000)]
  0x000002598ba8e5d0 JavaThread "Cache worker for checksums cache (C:\Users\TGDD\AndroidStudioProjects\BookAppKotlin\.gradle\8.4\checksums)" [_thread_blocked, id=4520, stack(0x000000c787700000,0x000000c787800000)]
  0x000002598ba8c770 JavaThread "Cache worker for file hash cache (C:\Users\TGDD\AndroidStudioProjects\BookAppKotlin\.gradle\8.4\fileHashes)" [_thread_blocked, id=18200, stack(0x000000c787800000,0x000000c787900000)]
  0x000002598ba8cc80 JavaThread "Cache worker for cache directory md-supplier (C:\Users\TGDD\.gradle\caches\8.4\md-supplier)" [_thread_blocked, id=6336, stack(0x000000c787900000,0x000000c787a00000)]
  0x000002598d7a6d20 JavaThread "Cache worker for file content cache (C:\Users\TGDD\.gradle\caches\8.4\fileContent)" [_thread_blocked, id=14652, stack(0x000000c787a00000,0x000000c787b00000)]
  0x000002598d7a95a0 JavaThread "Cache worker for cache directory md-rule (C:\Users\TGDD\.gradle\caches\8.4\md-rule)" [_thread_blocked, id=8348, stack(0x000000c787b00000,0x000000c787c00000)]
  0x000002598d7a6300 JavaThread "Cache worker for execution history cache (C:\Users\TGDD\.gradle\caches\8.4\executionHistory)" [_thread_blocked, id=18160, stack(0x000000c787c00000,0x000000c787d00000)]
  0x000002598d7a8160 JavaThread "Cache worker for kotlin-dsl (C:\Users\TGDD\.gradle\caches\8.4\kotlin-dsl)" [_thread_blocked, id=12352, stack(0x000000c787d00000,0x000000c787e00000)]
  0x000002598d7a6810 JavaThread "jar transforms" [_thread_blocked, id=5400, stack(0x000000c787e00000,0x000000c787f00000)]
  0x000002598d7a53d0 JavaThread "jar transforms Thread 2" [_thread_blocked, id=15204, stack(0x000000c787f00000,0x000000c788000000)]
  0x000002598d7a7230 JavaThread "jar transforms Thread 3" [_thread_blocked, id=11256, stack(0x000000c788000000,0x000000c788100000)]
  0x000002598d7a5df0 JavaThread "jar transforms Thread 4" [_thread_blocked, id=17400, stack(0x000000c788100000,0x000000c788200000)]
  0x000002598d7a49b0 JavaThread "Cache worker for dependencies-accessors (C:\Users\TGDD\AndroidStudioProjects\BookAppKotlin\.gradle\8.4\dependencies-accessors)" [_thread_blocked, id=5992, stack(0x000000c788200000,0x000000c788300000)]

Other Threads:
  0x00000259ff15a1b0 VMThread "VM Thread" [stack: 0x000000c784f00000,0x000000c785000000] [id=12804]
  0x00000259ff4fd800 WatcherThread [stack: 0x000000c785b00000,0x000000c785c00000] [id=6976]
  0x00000259e8c9eba0 GCTaskThread "GC Thread#0" [stack: 0x000000c784a00000,0x000000c784b00000] [id=8932]
  0x000002598a020c00 GCTaskThread "GC Thread#1" [stack: 0x000000c785c00000,0x000000c785d00000] [id=1768]
  0x000002598a45a820 GCTaskThread "GC Thread#2" [stack: 0x000000c785d00000,0x000000c785e00000] [id=15888]
  0x000002598a020ec0 GCTaskThread "GC Thread#3" [stack: 0x000000c785e00000,0x000000c785f00000] [id=1608]
  0x00000259fff5d400 GCTaskThread "GC Thread#4" [stack: 0x000000c785f00000,0x000000c786000000] [id=6972]
  0x000002598b8e3c10 GCTaskThread "GC Thread#5" [stack: 0x000000c786b00000,0x000000c786c00000] [id=15728]
  0x000002598aec74f0 GCTaskThread "GC Thread#6" [stack: 0x000000c786c00000,0x000000c786d00000] [id=1028]
  0x000002598aceaa60 GCTaskThread "GC Thread#7" [stack: 0x000000c786d00000,0x000000c786e00000] [id=18260]
  0x000002598ad03a10 GCTaskThread "GC Thread#8" [stack: 0x000000c786e00000,0x000000c786f00000] [id=16140]
  0x000002598acf9af0 GCTaskThread "GC Thread#9" [stack: 0x000000c786f00000,0x000000c787000000] [id=1876]
  0x00000259eaf1c4a0 ConcurrentGCThread "G1 Main Marker" [stack: 0x000000c784b00000,0x000000c784c00000] [id=17776]
  0x00000259eaf1cec0 ConcurrentGCThread "G1 Conc#0" [stack: 0x000000c784c00000,0x000000c784d00000] [id=5328]
  0x000002598adf2180 ConcurrentGCThread "G1 Conc#1" [stack: 0x000000c787000000,0x000000c787100000] [id=9168]
  0x000002598adf9210 ConcurrentGCThread "G1 Conc#2" [stack: 0x000000c787100000,0x000000c787200000] [id=13152]
  0x00000259eaf5ec20 ConcurrentGCThread "G1 Refine#0" [stack: 0x000000c784d00000,0x000000c784e00000] [id=9340]
  0x00000259fefaec60 ConcurrentGCThread "G1 Service" [stack: 0x000000c784e00000,0x000000c784f00000] [id=4760]

Threads with active compile tasks:
C2 CompilerThread0     5749 3926   !   4       java.net.URLClassLoader::findClass (47 bytes)
C2 CompilerThread1     5750 4046   !   4       java.net.URLClassLoader$1::run (81 bytes)

VM state: not at safepoint (normal execution)

VM Mutex/Monitor currently owned by a thread: None

Heap address: 0x0000000080000000, size: 2048 MB, Compressed Oops mode: 32-bit

CDS archive(s) not mapped
Compressed class space mapped at: 0x0000000100000000-0x0000000140000000, reserved size: 1073741824
Narrow klass base: 0x0000000000000000, Narrow klass shift: 3, Narrow klass range: 0x140000000

GC Precious Log:
 CPUs: 12 total, 12 available
 Memory: 7514M
 Large Page Support: Disabled
 NUMA Support: Disabled
 Compressed Oops: Enabled (32-bit)
 Heap Region Size: 1M
 Heap Min Capacity: 8M
 Heap Initial Capacity: 118M
 Heap Max Capacity: 2G
 Pre-touch: Disabled
 Parallel Workers: 10
 Concurrent Workers: 3
 Concurrent Refinement Workers: 10
 Periodic GC: Disabled

Heap:
 garbage-first heap   total 86016K, used 59149K [0x0000000080000000, 0x0000000100000000)
  region size 1024K, 32 young (32768K), 3 survivors (3072K)
 Metaspace       used 48979K, committed 49472K, reserved 1114112K
  class space    used 6617K, committed 6848K, reserved 1048576K

Heap Regions: E=young(eden), S=young(survivor), O=old, HS=humongous(starts), HC=humongous(continues), CS=collection set, F=free, OA=open archive, CA=closed archive, TAMS=top-at-mark-start (previous, next)
|   0|0x0000000080000000, 0x0000000080100000, 0x0000000080100000|100%|HS|  |TAMS 0x0000000080100000, 0x0000000080000000| Complete 
|   1|0x0000000080100000, 0x0000000080200000, 0x0000000080200000|100%|HC|  |TAMS 0x0000000080200000, 0x0000000080100000| Complete 
|   2|0x0000000080200000, 0x0000000080300000, 0x0000000080300000|100%|HC|  |TAMS 0x0000000080300000, 0x0000000080200000| Complete 
|   3|0x0000000080300000, 0x0000000080400000, 0x0000000080400000|100%|HC|  |TAMS 0x0000000080400000, 0x0000000080300000| Complete 
|   4|0x0000000080400000, 0x0000000080500000, 0x0000000080500000|100%| O|  |TAMS 0x0000000080500000, 0x0000000080400000| Untracked 
|   5|0x0000000080500000, 0x0000000080600000, 0x0000000080600000|100%| O|  |TAMS 0x0000000080600000, 0x0000000080500000| Untracked 
|   6|0x0000000080600000, 0x0000000080700000, 0x0000000080700000|100%| O|  |TAMS 0x0000000080700000, 0x0000000080600000| Untracked 
|   7|0x0000000080700000, 0x0000000080800000, 0x0000000080800000|100%| O|  |TAMS 0x0000000080800000, 0x0000000080700000| Untracked 
|   8|0x0000000080800000, 0x0000000080900000, 0x0000000080900000|100%| O|  |TAMS 0x0000000080900000, 0x0000000080800000| Untracked 
|   9|0x0000000080900000, 0x0000000080a00000, 0x0000000080a00000|100%| O|  |TAMS 0x0000000080a00000, 0x0000000080900000| Untracked 
|  10|0x0000000080a00000, 0x0000000080ae1e00, 0x0000000080b00000| 88%| O|  |TAMS 0x0000000080ae1e00, 0x0000000080a00000| Untracked 
|  11|0x0000000080b00000, 0x0000000080c00000, 0x0000000080c00000|100%| O|  |TAMS 0x0000000080c00000, 0x0000000080b00000| Untracked 
|  12|0x0000000080c00000, 0x0000000080d00000, 0x0000000080d00000|100%| O|  |TAMS 0x0000000080d00000, 0x0000000080c00000| Untracked 
|  13|0x0000000080d00000, 0x0000000080e00000, 0x0000000080e00000|100%| O|  |TAMS 0x0000000080e00000, 0x0000000080d00000| Untracked 
|  14|0x0000000080e00000, 0x0000000080f00000, 0x0000000080f00000|100%| O|  |TAMS 0x0000000080f00000, 0x0000000080e00000| Untracked 
|  15|0x0000000080f00000, 0x0000000081000000, 0x0000000081000000|100%| O|  |TAMS 0x0000000081000000, 0x0000000080f00000| Untracked 
|  16|0x0000000081000000, 0x0000000081100000, 0x0000000081100000|100%| O|  |TAMS 0x0000000081100000, 0x0000000081000000| Untracked 
|  17|0x0000000081100000, 0x0000000081200000, 0x0000000081200000|100%| O|  |TAMS 0x0000000081200000, 0x0000000081100000| Untracked 
|  18|0x0000000081200000, 0x0000000081300000, 0x0000000081300000|100%| O|  |TAMS 0x0000000081300000, 0x0000000081200000| Untracked 
|  19|0x0000000081300000, 0x0000000081400000, 0x0000000081400000|100%| O|  |TAMS 0x0000000081400000, 0x0000000081300000| Untracked 
|  20|0x0000000081400000, 0x0000000081500000, 0x0000000081500000|100%| O|  |TAMS 0x000000008148cc00, 0x0000000081400000| Untracked 
|  21|0x0000000081500000, 0x0000000081600000, 0x0000000081600000|100%| O|  |TAMS 0x0000000081500000, 0x0000000081500000| Untracked 
|  22|0x0000000081600000, 0x0000000081700000, 0x0000000081700000|100%| O|  |TAMS 0x0000000081600000, 0x0000000081600000| Untracked 
|  23|0x0000000081700000, 0x0000000081700000, 0x0000000081800000|  0%| F|  |TAMS 0x0000000081700000, 0x0000000081700000| Untracked 
|  24|0x0000000081800000, 0x0000000081800000, 0x0000000081900000|  0%| F|  |TAMS 0x0000000081800000, 0x0000000081800000| Untracked 
|  25|0x0000000081900000, 0x0000000081a00000, 0x0000000081a00000|100%| O|  |TAMS 0x0000000081900000, 0x0000000081900000| Untracked 
|  26|0x0000000081a00000, 0x0000000081b00000, 0x0000000081b00000|100%| O|  |TAMS 0x0000000081a00000, 0x0000000081a00000| Untracked 
|  27|0x0000000081b00000, 0x0000000081c00000, 0x0000000081c00000|100%| O|  |TAMS 0x0000000081b00000, 0x0000000081b00000| Untracked 
|  28|0x0000000081c00000, 0x0000000081d00000, 0x0000000081d00000|100%| O|  |TAMS 0x0000000081c00000, 0x0000000081c00000| Untracked 
|  29|0x0000000081d00000, 0x0000000081d74000, 0x0000000081e00000| 45%| O|  |TAMS 0x0000000081d00000, 0x0000000081d00000| Untracked 
|  30|0x0000000081e00000, 0x0000000081e00000, 0x0000000081f00000|  0%| F|  |TAMS 0x0000000081e00000, 0x0000000081e00000| Untracked 
|  31|0x0000000081f00000, 0x0000000081f00000, 0x0000000082000000|  0%| F|  |TAMS 0x0000000081f00000, 0x0000000081f00000| Untracked 
|  32|0x0000000082000000, 0x0000000082000000, 0x0000000082100000|  0%| F|  |TAMS 0x0000000082000000, 0x0000000082000000| Untracked 
|  33|0x0000000082100000, 0x0000000082100000, 0x0000000082200000|  0%| F|  |TAMS 0x0000000082100000, 0x0000000082100000| Untracked 
|  34|0x0000000082200000, 0x0000000082200000, 0x0000000082300000|  0%| F|  |TAMS 0x0000000082200000, 0x0000000082200000| Untracked 
|  35|0x0000000082300000, 0x0000000082300000, 0x0000000082400000|  0%| F|  |TAMS 0x0000000082300000, 0x0000000082300000| Untracked 
|  36|0x0000000082400000, 0x0000000082400000, 0x0000000082500000|  0%| F|  |TAMS 0x0000000082400000, 0x0000000082400000| Untracked 
|  37|0x0000000082500000, 0x0000000082500000, 0x0000000082600000|  0%| F|  |TAMS 0x0000000082500000, 0x0000000082500000| Untracked 
|  38|0x0000000082600000, 0x0000000082600000, 0x0000000082700000|  0%| F|  |TAMS 0x0000000082600000, 0x0000000082600000| Untracked 
|  39|0x0000000082700000, 0x0000000082700000, 0x0000000082800000|  0%| F|  |TAMS 0x0000000082700000, 0x0000000082700000| Untracked 
|  40|0x0000000082800000, 0x0000000082800000, 0x0000000082900000|  0%| F|  |TAMS 0x0000000082800000, 0x0000000082800000| Untracked 
|  41|0x0000000082900000, 0x0000000082900000, 0x0000000082a00000|  0%| F|  |TAMS 0x0000000082900000, 0x0000000082900000| Untracked 
|  42|0x0000000082a00000, 0x0000000082a00000, 0x0000000082b00000|  0%| F|  |TAMS 0x0000000082a00000, 0x0000000082a00000| Untracked 
|  43|0x0000000082b00000, 0x0000000082b00000, 0x0000000082c00000|  0%| F|  |TAMS 0x0000000082b00000, 0x0000000082b00000| Untracked 
|  44|0x0000000082c00000, 0x0000000082c00000, 0x0000000082d00000|  0%| F|  |TAMS 0x0000000082c00000, 0x0000000082c00000| Untracked 
|  45|0x0000000082d00000, 0x0000000082d6d998, 0x0000000082e00000| 42%| S|CS|TAMS 0x0000000082d00000, 0x0000000082d00000| Complete 
|  46|0x0000000082e00000, 0x0000000082f00000, 0x0000000082f00000|100%| S|CS|TAMS 0x0000000082e00000, 0x0000000082e00000| Complete 
|  47|0x0000000082f00000, 0x0000000083000000, 0x0000000083000000|100%| S|CS|TAMS 0x0000000082f00000, 0x0000000082f00000| Complete 
|  48|0x0000000083000000, 0x0000000083000000, 0x0000000083100000|  0%| F|  |TAMS 0x0000000083000000, 0x0000000083000000| Untracked 
|  49|0x0000000083100000, 0x0000000083100000, 0x0000000083200000|  0%| F|  |TAMS 0x0000000083100000, 0x0000000083100000| Untracked 
|  50|0x0000000083200000, 0x0000000083200000, 0x0000000083300000|  0%| F|  |TAMS 0x0000000083200000, 0x0000000083200000| Untracked 
|  51|0x0000000083300000, 0x0000000083300000, 0x0000000083400000|  0%| F|  |TAMS 0x0000000083300000, 0x0000000083300000| Untracked 
|  52|0x0000000083400000, 0x0000000083400000, 0x0000000083500000|  0%| F|  |TAMS 0x0000000083400000, 0x0000000083400000| Untracked 
|  53|0x0000000083500000, 0x0000000083500000, 0x0000000083600000|  0%| F|  |TAMS 0x0000000083500000, 0x0000000083500000| Untracked 
|  54|0x0000000083600000, 0x0000000083600000, 0x0000000083700000|  0%| F|  |TAMS 0x0000000083600000, 0x0000000083600000| Untracked 
|  55|0x0000000083700000, 0x0000000083800000, 0x0000000083800000|100%| E|  |TAMS 0x0000000083700000, 0x0000000083700000| Complete 
|  56|0x0000000083800000, 0x0000000083900000, 0x0000000083900000|100%| E|CS|TAMS 0x0000000083800000, 0x0000000083800000| Complete 
|  57|0x0000000083900000, 0x0000000083a00000, 0x0000000083a00000|100%| E|CS|TAMS 0x0000000083900000, 0x0000000083900000| Complete 
|  58|0x0000000083a00000, 0x0000000083b00000, 0x0000000083b00000|100%| E|CS|TAMS 0x0000000083a00000, 0x0000000083a00000| Complete 
|  59|0x0000000083b00000, 0x0000000083c00000, 0x0000000083c00000|100%| E|CS|TAMS 0x0000000083b00000, 0x0000000083b00000| Complete 
|  60|0x0000000083c00000, 0x0000000083d00000, 0x0000000083d00000|100%| E|CS|TAMS 0x0000000083c00000, 0x0000000083c00000| Complete 
|  61|0x0000000083d00000, 0x0000000083e00000, 0x0000000083e00000|100%| E|CS|TAMS 0x0000000083d00000, 0x0000000083d00000| Complete 
|  62|0x0000000083e00000, 0x0000000083f00000, 0x0000000083f00000|100%| E|CS|TAMS 0x0000000083e00000, 0x0000000083e00000| Complete 
|  63|0x0000000083f00000, 0x0000000084000000, 0x0000000084000000|100%| E|CS|TAMS 0x0000000083f00000, 0x0000000083f00000| Complete 
|  64|0x0000000084000000, 0x0000000084100000, 0x0000000084100000|100%| E|CS|TAMS 0x0000000084000000, 0x0000000084000000| Complete 
|  65|0x0000000084100000, 0x0000000084200000, 0x0000000084200000|100%| E|CS|TAMS 0x0000000084100000, 0x0000000084100000| Complete 
|  66|0x0000000084200000, 0x0000000084300000, 0x0000000084300000|100%| E|CS|TAMS 0x0000000084200000, 0x0000000084200000| Complete 
|  67|0x0000000084300000, 0x0000000084400000, 0x0000000084400000|100%| E|CS|TAMS 0x0000000084300000, 0x0000000084300000| Complete 
|  68|0x0000000084400000, 0x0000000084500000, 0x0000000084500000|100%| E|CS|TAMS 0x0000000084400000, 0x0000000084400000| Complete 
|  69|0x0000000084500000, 0x0000000084600000, 0x0000000084600000|100%| E|CS|TAMS 0x0000000084500000, 0x0000000084500000| Complete 
|  70|0x0000000084600000, 0x0000000084700000, 0x0000000084700000|100%| E|CS|TAMS 0x0000000084600000, 0x0000000084600000| Complete 
|  71|0x0000000084700000, 0x0000000084800000, 0x0000000084800000|100%| E|CS|TAMS 0x0000000084700000, 0x0000000084700000| Complete 
|  72|0x0000000084800000, 0x0000000084900000, 0x0000000084900000|100%| E|CS|TAMS 0x0000000084800000, 0x0000000084800000| Complete 
|  73|0x0000000084900000, 0x0000000084a00000, 0x0000000084a00000|100%| E|CS|TAMS 0x0000000084900000, 0x0000000084900000| Complete 
|  74|0x0000000084a00000, 0x0000000084b00000, 0x0000000084b00000|100%| E|CS|TAMS 0x0000000084a00000, 0x0000000084a00000| Complete 
|  75|0x0000000084b00000, 0x0000000084c00000, 0x0000000084c00000|100%| E|CS|TAMS 0x0000000084b00000, 0x0000000084b00000| Complete 
|  76|0x0000000084c00000, 0x0000000084d00000, 0x0000000084d00000|100%| E|CS|TAMS 0x0000000084c00000, 0x0000000084c00000| Complete 
|  77|0x0000000084d00000, 0x0000000084e00000, 0x0000000084e00000|100%| E|CS|TAMS 0x0000000084d00000, 0x0000000084d00000| Complete 
|  78|0x0000000084e00000, 0x0000000084f00000, 0x0000000084f00000|100%| E|CS|TAMS 0x0000000084e00000, 0x0000000084e00000| Complete 
|  79|0x0000000084f00000, 0x0000000085000000, 0x0000000085000000|100%| E|CS|TAMS 0x0000000084f00000, 0x0000000084f00000| Complete 
|  80|0x0000000085000000, 0x0000000085100000, 0x0000000085100000|100%| E|CS|TAMS 0x0000000085000000, 0x0000000085000000| Complete 
|  81|0x0000000085100000, 0x0000000085200000, 0x0000000085200000|100%| E|CS|TAMS 0x0000000085100000, 0x0000000085100000| Complete 
|  82|0x0000000085200000, 0x0000000085300000, 0x0000000085300000|100%| E|CS|TAMS 0x0000000085200000, 0x0000000085200000| Complete 
| 117|0x0000000087500000, 0x0000000087600000, 0x0000000087600000|100%| E|CS|TAMS 0x0000000087500000, 0x0000000087500000| Complete 

Card table byte_map: [0x00000259fdcd0000,0x00000259fe0d0000] _byte_map_base: 0x00000259fd8d0000

Marking Bits (Prev, Next): (CMBitMap*) 0x00000259eaf0bb70, (CMBitMap*) 0x00000259eaf0bbb0
 Prev Bits: [0x0000025980000000, 0x0000025982000000)
 Next Bits: [0x0000025982000000, 0x0000025984000000)

Polling page: 0x00000259ea660000

Metaspace:

Usage:
  Non-class:     41.41 MB used.
      Class:      6.47 MB used.
       Both:     47.88 MB used.

Virtual space:
  Non-class space:       64.00 MB reserved,      41.69 MB ( 65%) committed,  1 nodes.
      Class space:        1.00 GB reserved,       6.69 MB ( <1%) committed,  1 nodes.
             Both:        1.06 GB reserved,      48.38 MB (  4%) committed. 

Chunk freelists:
   Non-Class:  5.91 MB
       Class:  9.28 MB
        Both:  15.19 MB

MaxMetaspaceSize: unlimited
CompressedClassSpaceSize: 1.00 GB
Initial GC threshold: 21.00 MB
Current GC threshold: 59.00 MB
CDS: off
MetaspaceReclaimPolicy: balanced
 - commit_granule_bytes: 65536.
 - commit_granule_words: 8192.
 - virtual_space_node_default_size: 8388608.
 - enlarge_chunks_in_place: 1.
 - new_chunks_are_fully_committed: 0.
 - uncommit_free_chunks: 1.
 - use_allocation_guard: 0.
 - handle_deallocations: 1.


Internal statistics:

num_allocs_failed_limit: 6.
num_arena_births: 462.
num_arena_deaths: 0.
num_vsnodes_births: 2.
num_vsnodes_deaths: 0.
num_space_committed: 774.
num_space_uncommitted: 0.
num_chunks_returned_to_freelist: 6.
num_chunks_taken_from_freelist: 1950.
num_chunk_merges: 3.
num_chunk_splits: 1311.
num_chunks_enlarged: 930.
num_inconsistent_stats: 0.

CodeHeap 'non-profiled nmethods': size=120000Kb used=2392Kb max_used=2392Kb free=117607Kb
 bounds [0x00000259f5e50000, 0x00000259f60c0000, 0x00000259fd380000]
CodeHeap 'profiled nmethods': size=120000Kb used=8403Kb max_used=8403Kb free=111596Kb
 bounds [0x00000259ee380000, 0x00000259eebc0000, 0x00000259f58b0000]
CodeHeap 'non-nmethods': size=5760Kb used=1608Kb max_used=1655Kb free=4151Kb
 bounds [0x00000259f58b0000, 0x00000259f5b20000, 0x00000259f5e50000]
 total_blobs=4746 nmethods=4069 adapters=589
 compilation: enabled
              stopped_count=0, restarted_count=0
 full_count=0

Compilation events (20 events):
Event: 5.560 Thread 0x000002598ad20970 nmethod 4044 0x00000259f60a3d90 code [0x00000259f60a4020, 0x00000259f60a4a68]
Event: 5.560 Thread 0x000002598ad20970 4046   !   4       java.net.URLClassLoader$1::run (81 bytes)
Event: 5.601 Thread 0x00000259ff2f30d0 4049       3       java.util.concurrent.locks.AbstractQueuedSynchronizer$Node::clearStatus (12 bytes)
Event: 5.602 Thread 0x00000259ff2f30d0 nmethod 4049 0x00000259eeb9ef90 code [0x00000259eeb9f140, 0x00000259eeb9f2c8]
Event: 5.602 Thread 0x00000259ff2f30d0 4050   !   3       java.util.concurrent.locks.AbstractQueuedSynchronizer::acquire (407 bytes)
Event: 5.603 Thread 0x00000259ff2f30d0 nmethod 4050 0x00000259eeb9f390 code [0x00000259eeb9f720, 0x00000259eeba1288]
Event: 5.634 Thread 0x00000259ff2f30d0 4051       3       java.lang.invoke.MethodHandles$Lookup::findConstructor (61 bytes)
Event: 5.635 Thread 0x00000259ff2f30d0 nmethod 4051 0x00000259eeba1b90 code [0x00000259eeba1e00, 0x00000259eeba2618]
Event: 5.639 Thread 0x00000259ff2f30d0 4052       3       java.lang.invoke.DelegatingMethodHandle::rebind (8 bytes)
Event: 5.639 Thread 0x00000259ff2f30d0 nmethod 4052 0x00000259eeba2990 code [0x00000259eeba2b40, 0x00000259eeba2db8]
Event: 5.639 Thread 0x00000259ff2f30d0 4053       3       java.lang.Exception::<init> (6 bytes)
Event: 5.640 Thread 0x00000259ff2f30d0 nmethod 4053 0x00000259eeba2e90 code [0x00000259eeba3060, 0x00000259eeba3488]
Event: 5.641 Thread 0x00000259ff2f30d0 4056   !   3       java.lang.invoke.LambdaForm::compileToBytecode (164 bytes)
Event: 5.642 Thread 0x00000259ff2f30d0 nmethod 4056 0x00000259eeba3590 code [0x00000259eeba37e0, 0x00000259eeba4098]
Event: 5.676 Thread 0x00000259ff2f30d0 4058       3       org.gradle.internal.event.AbstractBroadcastDispatch::<init> (10 bytes)
Event: 5.676 Thread 0x00000259ff2f30d0 nmethod 4058 0x00000259eeba4390 code [0x00000259eeba4520, 0x00000259eeba46d8]
Event: 5.687 Thread 0x00000259ff2f30d0 4059       3       org.gradle.internal.operations.OperationIdentifier::hashCode (14 bytes)
Event: 5.687 Thread 0x00000259ff2f30d0 nmethod 4059 0x00000259eeba4790 code [0x00000259eeba4920, 0x00000259eeba4a38]
Event: 5.693 Thread 0x00000259ff2f30d0 4061       3       java.lang.invoke.MemberName::getFactory (4 bytes)
Event: 5.693 Thread 0x00000259ff2f30d0 nmethod 4061 0x00000259eeba4b10 code [0x00000259eeba4ca0, 0x00000259eeba4d98]

GC Heap History (18 events):
Event: 0.792 GC heap before
{Heap before GC invocations=0 (full 0):
 garbage-first heap   total 120832K, used 26624K [0x0000000080000000, 0x0000000100000000)
  region size 1024K, 23 young (23552K), 0 survivors (0K)
 Metaspace       used 10510K, committed 10624K, reserved 1114112K
  class space    used 1091K, committed 1152K, reserved 1048576K
}
Event: 0.800 GC heap after
{Heap after GC invocations=1 (full 0):
 garbage-first heap   total 120832K, used 10920K [0x0000000080000000, 0x0000000100000000)
  region size 1024K, 3 young (3072K), 3 survivors (3072K)
 Metaspace       used 10510K, committed 10624K, reserved 1114112K
  class space    used 1091K, committed 1152K, reserved 1048576K
}
Event: 1.200 GC heap before
{Heap before GC invocations=1 (full 0):
 garbage-first heap   total 120832K, used 38568K [0x0000000080000000, 0x0000000100000000)
  region size 1024K, 30 young (30720K), 3 survivors (3072K)
 Metaspace       used 11458K, committed 11648K, reserved 1114112K
  class space    used 1197K, committed 1280K, reserved 1048576K
}
Event: 1.206 GC heap after
{Heap after GC invocations=2 (full 0):
 garbage-first heap   total 120832K, used 12625K [0x0000000080000000, 0x0000000100000000)
  region size 1024K, 2 young (2048K), 2 survivors (2048K)
 Metaspace       used 11458K, committed 11648K, reserved 1114112K
  class space    used 1197K, committed 1280K, reserved 1048576K
}
Event: 2.476 GC heap before
{Heap before GC invocations=2 (full 0):
 garbage-first heap   total 120832K, used 59729K [0x0000000080000000, 0x0000000100000000)
  region size 1024K, 48 young (49152K), 2 survivors (2048K)
 Metaspace       used 21307K, committed 21504K, reserved 1114112K
  class space    used 2519K, committed 2624K, reserved 1048576K
}
Event: 2.483 GC heap after
{Heap after GC invocations=3 (full 0):
 garbage-first heap   total 120832K, used 19486K [0x0000000080000000, 0x0000000100000000)
  region size 1024K, 9 young (9216K), 9 survivors (9216K)
 Metaspace       used 21307K, committed 21504K, reserved 1114112K
  class space    used 2519K, committed 2624K, reserved 1048576K
}
Event: 3.141 GC heap before
{Heap before GC invocations=4 (full 0):
 garbage-first heap   total 71680K, used 53278K [0x0000000080000000, 0x0000000100000000)
  region size 1024K, 42 young (43008K), 9 survivors (9216K)
 Metaspace       used 26565K, committed 26816K, reserved 1114112K
  class space    used 3425K, committed 3520K, reserved 1048576K
}
Event: 3.149 GC heap after
{Heap after GC invocations=5 (full 0):
 garbage-first heap   total 71680K, used 21156K [0x0000000080000000, 0x0000000100000000)
  region size 1024K, 2 young (2048K), 2 survivors (2048K)
 Metaspace       used 26565K, committed 26816K, reserved 1114112K
  class space    used 3425K, committed 3520K, reserved 1048576K
}
Event: 3.632 GC heap before
{Heap before GC invocations=5 (full 0):
 garbage-first heap   total 71680K, used 48804K [0x0000000080000000, 0x0000000100000000)
  region size 1024K, 30 young (30720K), 2 survivors (2048K)
 Metaspace       used 30519K, committed 30848K, reserved 1114112K
  class space    used 4064K, committed 4224K, reserved 1048576K
}
Event: 3.635 GC heap after
{Heap after GC invocations=6 (full 0):
 garbage-first heap   total 71680K, used 22631K [0x0000000080000000, 0x0000000100000000)
  region size 1024K, 4 young (4096K), 4 survivors (4096K)
 Metaspace       used 30519K, committed 30848K, reserved 1114112K
  class space    used 4064K, committed 4224K, reserved 1048576K
}
Event: 4.034 GC heap before
{Heap before GC invocations=6 (full 0):
 garbage-first heap   total 71680K, used 52327K [0x0000000080000000, 0x0000000100000000)
  region size 1024K, 33 young (33792K), 4 survivors (4096K)
 Metaspace       used 34078K, committed 34432K, reserved 1114112K
  class space    used 4652K, committed 4800K, reserved 1048576K
}
Event: 4.039 GC heap after
{Heap after GC invocations=7 (full 0):
 garbage-first heap   total 71680K, used 24052K [0x0000000080000000, 0x0000000100000000)
  region size 1024K, 4 young (4096K), 4 survivors (4096K)
 Metaspace       used 34078K, committed 34432K, reserved 1114112K
  class space    used 4652K, committed 4800K, reserved 1048576K
}
Event: 4.183 GC heap before
{Heap before GC invocations=7 (full 0):
 garbage-first heap   total 71680K, used 32244K [0x0000000080000000, 0x0000000100000000)
  region size 1024K, 14 young (14336K), 4 survivors (4096K)
 Metaspace       used 35787K, committed 36096K, reserved 1114112K
  class space    used 4883K, committed 5056K, reserved 1048576K
}
Event: 4.187 GC heap after
{Heap after GC invocations=8 (full 0):
 garbage-first heap   total 86016K, used 24392K [0x0000000080000000, 0x0000000100000000)
  region size 1024K, 2 young (2048K), 2 survivors (2048K)
 Metaspace       used 35787K, committed 36096K, reserved 1114112K
  class space    used 4883K, committed 5056K, reserved 1048576K
}
Event: 4.697 GC heap before
{Heap before GC invocations=9 (full 0):
 garbage-first heap   total 86016K, used 64328K [0x0000000080000000, 0x0000000100000000)
  region size 1024K, 42 young (43008K), 2 survivors (2048K)
 Metaspace       used 41444K, committed 41856K, reserved 1114112K
  class space    used 5512K, committed 5696K, reserved 1048576K
}
Event: 4.702 GC heap after
{Heap after GC invocations=10 (full 0):
 garbage-first heap   total 86016K, used 28598K [0x0000000080000000, 0x0000000100000000)
  region size 1024K, 6 young (6144K), 6 survivors (6144K)
 Metaspace       used 41444K, committed 41856K, reserved 1114112K
  class space    used 5512K, committed 5696K, reserved 1048576K
}
Event: 5.263 GC heap before
{Heap before GC invocations=10 (full 0):
 garbage-first heap   total 86016K, used 66486K [0x0000000080000000, 0x0000000100000000)
  region size 1024K, 42 young (43008K), 6 survivors (6144K)
 Metaspace       used 45397K, committed 45760K, reserved 1114112K
  class space    used 6049K, committed 6208K, reserved 1048576K
}
Event: 5.269 GC heap after
{Heap after GC invocations=11 (full 0):
 garbage-first heap   total 86016K, used 30477K [0x0000000080000000, 0x0000000100000000)
  region size 1024K, 3 young (3072K), 3 survivors (3072K)
 Metaspace       used 45397K, committed 45760K, reserved 1114112K
  class space    used 6049K, committed 6208K, reserved 1048576K
}

Dll operation events (3 events):
Event: 0.010 Loaded shared library C:\Program Files\Android\Android Studio\jbr\bin\java.dll
Event: 0.151 Loaded shared library C:\Program Files\Android\Android Studio\jbr\bin\zip.dll
Event: 0.467 Loaded shared library C:\Program Files\Android\Android Studio\jbr\bin\verify.dll

Deoptimization events (20 events):
Event: 5.517 Thread 0x000002598b8e3730 DEOPT PACKING pc=0x00000259f5ea8d34 sp=0x000000c7867f9880
Event: 5.517 Thread 0x000002598b8e3730 DEOPT UNPACKING pc=0x00000259f59069a3 sp=0x000000c7867f97b8 mode 2
Event: 5.517 Thread 0x000002598b8e3730 Uncommon trap: trap_request=0xffffff45 fr.pc=0x00000259f5e77448 relative=0x0000000000000048
Event: 5.517 Thread 0x000002598b8e3730 Uncommon trap: reason=unstable_if action=reinterpret pc=0x00000259f5e77448 method=java.net.URI.match(CJJ)Z @ 19 c2
Event: 5.517 Thread 0x000002598b8e3730 DEOPT PACKING pc=0x00000259f5e77448 sp=0x000000c7867f9890
Event: 5.517 Thread 0x000002598b8e3730 DEOPT UNPACKING pc=0x00000259f59069a3 sp=0x000000c7867f9840 mode 2
Event: 5.661 Thread 0x000002598b8e3730 DEOPT PACKING pc=0x00000259ee725d54 sp=0x000000c7867f9790
Event: 5.661 Thread 0x000002598b8e3730 DEOPT UNPACKING pc=0x00000259f5907143 sp=0x000000c7867f8ce8 mode 0
Event: 5.676 Thread 0x000002598b8e3730 Uncommon trap: trap_request=0xffffffde fr.pc=0x00000259f5f93c98 relative=0x0000000000000078
Event: 5.676 Thread 0x000002598b8e3730 Uncommon trap: reason=class_check action=maybe_recompile pc=0x00000259f5f93c98 method=java.util.Collections$SetFromMap.remove(Ljava/lang/Object;)Z @ 5 c2
Event: 5.676 Thread 0x000002598b8e3730 DEOPT PACKING pc=0x00000259f5f93c98 sp=0x000000c7867fa200
Event: 5.676 Thread 0x000002598b8e3730 DEOPT UNPACKING pc=0x00000259f59069a3 sp=0x000000c7867fa198 mode 2
Event: 5.696 Thread 0x000002598b8e3730 Uncommon trap: trap_request=0xffffffde fr.pc=0x00000259f5f93c98 relative=0x0000000000000078
Event: 5.696 Thread 0x000002598b8e3730 Uncommon trap: reason=class_check action=maybe_recompile pc=0x00000259f5f93c98 method=java.util.Collections$SetFromMap.remove(Ljava/lang/Object;)Z @ 5 c2
Event: 5.696 Thread 0x000002598b8e3730 DEOPT PACKING pc=0x00000259f5f93c98 sp=0x000000c7867fa450
Event: 5.696 Thread 0x000002598b8e3730 DEOPT UNPACKING pc=0x00000259f59069a3 sp=0x000000c7867fa3e8 mode 2
Event: 5.696 Thread 0x000002598b8e3730 Uncommon trap: trap_request=0xffffffc6 fr.pc=0x00000259f600bab0 relative=0x0000000000000430
Event: 5.696 Thread 0x000002598b8e3730 Uncommon trap: reason=bimorphic_or_optimized_type_check action=maybe_recompile pc=0x00000259f600bab0 method=java.util.Spliterators$IteratorSpliterator.tryAdvance(Ljava/util/function/Consumer;)Z @ 50 c2
Event: 5.696 Thread 0x000002598b8e3730 DEOPT PACKING pc=0x00000259f600bab0 sp=0x000000c7867faf20
Event: 5.696 Thread 0x000002598b8e3730 DEOPT UNPACKING pc=0x00000259f59069a3 sp=0x000000c7867faec0 mode 2

Classes unloaded (0 events):
No events

Classes redefined (0 events):
No events

Internal exceptions (20 events):
Event: 4.887 Thread 0x000002598b8e3730 Exception <a 'java/lang/NoSuchMethodError'{0x0000000084042d48}: 'int java.lang.invoke.DirectMethodHandle$Holder.invokeInterface(java.lang.Object, java.lang.Object)'> (0x0000000084042d48) 
thrown [s\src\hotspot\share\interpreter\linkResolver.cpp, line 771]
Event: 4.988 Thread 0x000002598b8e3730 Exception <a 'java/lang/IncompatibleClassChangeError'{0x0000000083ddbb18}: Found class java.lang.Object, but interface was expected> (0x0000000083ddbb18) 
thrown [s\src\hotspot\share\interpreter\linkResolver.cpp, line 838]
Event: 4.998 Thread 0x000002598b8e3730 Exception <a 'java/lang/NoSuchMethodError'{0x0000000083c707b8}: 'void java.lang.invoke.DirectMethodHandle$Holder.invokeStatic(java.lang.Object, java.lang.Object, java.lang.Object, java.lang.Object, java.lang.Object, java.lang.Object)'> (0x0000000083c707b8) 
thrown [s\src\hotspot\share\interpreter\linkResolver.cpp, line 771]
Event: 5.024 Thread 0x000002598b8e3730 Exception <a 'java/lang/NoSuchMethodError'{0x0000000083ba8078}: 'int java.lang.invoke.DirectMethodHandle$Holder.invokeStaticInit(java.lang.Object, java.lang.Object, java.lang.Object, java.lang.Object, java.lang.Object)'> (0x0000000083ba8078) 
thrown [s\src\hotspot\share\interpreter\linkResolver.cpp, line 771]
Event: 5.051 Thread 0x000002598b8e3730 Exception <a 'java/lang/NoSuchMethodError'{0x0000000083ab7e38}: 'java.lang.Object java.lang.invoke.DirectMethodHandle$Holder.invokeStatic(java.lang.Object, java.lang.Object, int, java.lang.Object)'> (0x0000000083ab7e38) 
thrown [s\src\hotspot\share\interpreter\linkResolver.cpp, line 771]
Event: 5.052 Thread 0x000002598b8e3730 Exception <a 'java/lang/NoSuchMethodError'{0x0000000083abfbd8}: 'java.lang.Object java.lang.invoke.DirectMethodHandle$Holder.newInvokeSpecial(java.lang.Object, java.lang.Object, int, java.lang.Object)'> (0x0000000083abfbd8) 
thrown [s\src\hotspot\share\interpreter\linkResolver.cpp, line 771]
Event: 5.052 Thread 0x000002598b8e3730 Exception <a 'java/lang/NoSuchMethodError'{0x0000000083ac4768}: 'java.lang.Object java.lang.invoke.DirectMethodHandle$Holder.invokeSpecial(java.lang.Object, java.lang.Object, java.lang.Object, int, java.lang.Object)'> (0x0000000083ac4768) 
thrown [s\src\hotspot\share\interpreter\linkResolver.cpp, line 771]
Event: 5.208 Thread 0x000002598b8e3730 Implicit null exception at 0x00000259f6014dec to 0x00000259f6014e94
Event: 5.333 Thread 0x000002598b8e3730 Exception <a 'java/lang/NoSuchMethodError'{0x0000000084f5fd48}: 'void java.lang.invoke.DirectMethodHandle$Holder.invokeInterface(java.lang.Object, java.lang.Object)'> (0x0000000084f5fd48) 
thrown [s\src\hotspot\share\interpreter\linkResolver.cpp, line 771]
Event: 5.334 Thread 0x000002598b8e3730 Exception <a 'java/lang/IncompatibleClassChangeError'{0x0000000084f6b1f8}: Found class java.lang.Object, but interface was expected> (0x0000000084f6b1f8) 
thrown [s\src\hotspot\share\interpreter\linkResolver.cpp, line 838]
Event: 5.375 Thread 0x000002598b8e3730 Exception <a 'java/lang/NoSuchMethodError'{0x0000000084c19858}: 'java.lang.Object java.lang.invoke.DirectMethodHandle$Holder.newInvokeSpecial(java.lang.Object, int, java.lang.Object)'> (0x0000000084c19858) 
thrown [s\src\hotspot\share\interpreter\linkResolver.cpp, line 771]
Event: 5.639 Thread 0x000002598b8e3730 Exception <a 'sun/nio/fs/WindowsException'{0x0000000083d1adc8}> (0x0000000083d1adc8) 
thrown [s\src\hotspot\share\prims\jni.cpp, line 517]
Event: 5.639 Thread 0x000002598b8e3730 Exception <a 'sun/nio/fs/WindowsException'{0x0000000083d1b0b8}> (0x0000000083d1b0b8) 
thrown [s\src\hotspot\share\prims\jni.cpp, line 517]
Event: 5.639 Thread 0x000002598b8e3730 Exception <a 'sun/nio/fs/WindowsException'{0x0000000083d1d8c0}> (0x0000000083d1d8c0) 
thrown [s\src\hotspot\share\prims\jni.cpp, line 517]
Event: 5.639 Thread 0x000002598b8e3730 Exception <a 'sun/nio/fs/WindowsException'{0x0000000083d1dca8}> (0x0000000083d1dca8) 
thrown [s\src\hotspot\share\prims\jni.cpp, line 517]
Event: 5.641 Thread 0x000002598b8e3730 Exception <a 'java/lang/NoSuchMethodError'{0x0000000083d2b4b8}: 'java.lang.Object java.lang.invoke.DirectMethodHandle$Holder.newInvokeSpecial(java.lang.Object, java.lang.Object, int)'> (0x0000000083d2b4b8) 
thrown [s\src\hotspot\share\interpreter\linkResolver.cpp, line 771]
Event: 5.661 Thread 0x000002598b8e3730 Exception <a 'sun/nio/fs/WindowsException'{0x0000000083ca3ec8}> (0x0000000083ca3ec8) 
thrown [s\src\hotspot\share\prims\jni.cpp, line 517]
Event: 5.661 Thread 0x000002598b8e3730 Exception <a 'sun/nio/fs/WindowsException'{0x0000000083ca42b0}> (0x0000000083ca42b0) 
thrown [s\src\hotspot\share\prims\jni.cpp, line 517]
Event: 5.693 Thread 0x000002598b8e3730 Exception <a 'java/lang/NoSuchMethodError'{0x0000000083aac430}: 'int java.lang.invoke.DirectMethodHandle$Holder.invokeStatic(java.lang.Object)'> (0x0000000083aac430) 
thrown [s\src\hotspot\share\interpreter\linkResolver.cpp, line 771]
Event: 5.693 Thread 0x000002598b8e3730 Exception <a 'java/lang/NoSuchMethodError'{0x0000000083ab0578}: 'int java.lang.invoke.DirectMethodHandle$Holder.invokeStaticInit(java.lang.Object)'> (0x0000000083ab0578) 
thrown [s\src\hotspot\share\interpreter\linkResolver.cpp, line 771]

VM Operations (20 events):
Event: 4.523 Executing VM operation: HandshakeAllThreads
Event: 4.523 Executing VM operation: HandshakeAllThreads done
Event: 4.531 Executing VM operation: HandshakeAllThreads
Event: 4.531 Executing VM operation: HandshakeAllThreads done
Event: 4.578 Executing VM operation: HandshakeAllThreads
Event: 4.578 Executing VM operation: HandshakeAllThreads done
Event: 4.646 Executing VM operation: ICBufferFull
Event: 4.646 Executing VM operation: ICBufferFull done
Event: 4.697 Executing VM operation: G1CollectForAllocation
Event: 4.702 Executing VM operation: G1CollectForAllocation done
Event: 4.845 Executing VM operation: HandshakeAllThreads
Event: 4.845 Executing VM operation: HandshakeAllThreads done
Event: 4.870 Executing VM operation: HandshakeAllThreads
Event: 4.870 Executing VM operation: HandshakeAllThreads done
Event: 4.871 Executing VM operation: HandshakeAllThreads
Event: 4.871 Executing VM operation: HandshakeAllThreads done
Event: 5.178 Executing VM operation: HandshakeAllThreads
Event: 5.178 Executing VM operation: HandshakeAllThreads done
Event: 5.263 Executing VM operation: G1CollectForAllocation
Event: 5.269 Executing VM operation: G1CollectForAllocation done

Events (20 events):
Event: 5.557 loading class javax/net/ssl/SSLPeerUnverifiedException
Event: 5.557 loading class javax/net/ssl/SSLException
Event: 5.557 loading class javax/net/ssl/SSLException done
Event: 5.557 loading class javax/net/ssl/SSLPeerUnverifiedException done
Event: 5.557 loading class javax/naming/NamingException
Event: 5.558 loading class javax/naming/NamingException done
Event: 5.558 loading class javax/naming/InvalidNameException
Event: 5.558 loading class javax/naming/InvalidNameException done
Event: 5.558 loading class java/security/cert/CertificateParsingException
Event: 5.559 loading class java/security/cert/CertificateException
Event: 5.559 loading class java/security/cert/CertificateException done
Event: 5.559 loading class java/security/cert/CertificateParsingException done
Event: 5.701 loading class java/nio/channels/Channels
Event: 5.701 loading class java/nio/channels/Channels done
Event: 5.701 loading class sun/nio/ch/ChannelInputStream
Event: 5.701 loading class sun/nio/ch/ChannelInputStream done
Event: 5.705 loading class java/nio/channels/Channels$ReadableByteChannelImpl
Event: 5.705 loading class java/nio/channels/Channels$ReadableByteChannelImpl done
Event: 5.720 loading class java/util/EmptyStackException
Event: 5.720 loading class java/util/EmptyStackException done


Dynamic libraries:
0x00007ff70e730000 - 0x00007ff70e73a000 	C:\Program Files\Android\Android Studio\jbr\bin\java.exe
0x00007ffadbe30000 - 0x00007ffadc046000 	C:\WINDOWS\SYSTEM32\ntdll.dll
0x00007ffadafe0000 - 0x00007ffadb0a4000 	C:\WINDOWS\System32\KERNEL32.DLL
0x00007ffad95e0000 - 0x00007ffad9987000 	C:\WINDOWS\System32\KERNELBASE.dll
0x00007ffad9a10000 - 0x00007ffad9b21000 	C:\WINDOWS\System32\ucrtbase.dll
0x00007ffad2ad0000 - 0x00007ffad2ae7000 	C:\Program Files\Android\Android Studio\jbr\bin\jli.dll
0x00007ffac43a0000 - 0x00007ffac43bb000 	C:\Program Files\Android\Android Studio\jbr\bin\VCRUNTIME140.dll
0x00007ffadad50000 - 0x00007ffadaefe000 	C:\WINDOWS\System32\USER32.dll
0x00007ffad91c0000 - 0x00007ffad91e6000 	C:\WINDOWS\System32\win32u.dll
0x00007ffadb220000 - 0x00007ffadb249000 	C:\WINDOWS\System32\GDI32.dll
0x00007ffac22e0000 - 0x00007ffac2573000 	C:\WINDOWS\WinSxS\amd64_microsoft.windows.common-controls_6595b64144ccf1df_6.0.22621.3235_none_270f74e173860f98\COMCTL32.dll
0x00007ffad94c0000 - 0x00007ffad95d9000 	C:\WINDOWS\System32\gdi32full.dll
0x00007ffad92b0000 - 0x00007ffad934a000 	C:\WINDOWS\System32\msvcp_win.dll
0x00007ffad9b60000 - 0x00007ffad9c07000 	C:\WINDOWS\System32\msvcrt.dll
0x00007ffada6e0000 - 0x00007ffada711000 	C:\WINDOWS\System32\IMM32.DLL
0x00007ffad3620000 - 0x00007ffad362c000 	C:\Program Files\Android\Android Studio\jbr\bin\vcruntime140_1.dll
0x00007ffaa2220000 - 0x00007ffaa22ad000 	C:\Program Files\Android\Android Studio\jbr\bin\msvcp140.dll
0x00007ffa89050000 - 0x00007ffa89cd3000 	C:\Program Files\Android\Android Studio\jbr\bin\server\jvm.dll
0x00007ffadb3c0000 - 0x00007ffadb472000 	C:\WINDOWS\System32\ADVAPI32.dll
0x00007ffadbba0000 - 0x00007ffadbc48000 	C:\WINDOWS\System32\sechost.dll
0x00007ffad9b30000 - 0x00007ffad9b58000 	C:\WINDOWS\System32\bcrypt.dll
0x00007ffadbcd0000 - 0x00007ffadbde5000 	C:\WINDOWS\System32\RPCRT4.dll
0x00007ffad8da0000 - 0x00007ffad8ded000 	C:\WINDOWS\SYSTEM32\POWRPROF.dll
0x00007ffad6400000 - 0x00007ffad6409000 	C:\WINDOWS\SYSTEM32\WSOCK32.dll
0x00007ffacf840000 - 0x00007ffacf84a000 	C:\WINDOWS\SYSTEM32\VERSION.dll
0x00007ffad0b80000 - 0x00007ffad0bb4000 	C:\WINDOWS\SYSTEM32\WINMM.dll
0x00007ffadbc50000 - 0x00007ffadbcc1000 	C:\WINDOWS\System32\WS2_32.dll
0x00007ffad8be0000 - 0x00007ffad8bf3000 	C:\WINDOWS\SYSTEM32\UMPDC.dll
0x00007ffad8190000 - 0x00007ffad81a8000 	C:\WINDOWS\SYSTEM32\kernel.appcore.dll
0x00007ffad63f0000 - 0x00007ffad63fa000 	C:\Program Files\Android\Android Studio\jbr\bin\jimage.dll
0x00007fface8e0000 - 0x00007ffaceb13000 	C:\WINDOWS\SYSTEM32\DBGHELP.DLL
0x00007ffada800000 - 0x00007ffadab88000 	C:\WINDOWS\System32\combase.dll
0x00007ffadaf00000 - 0x00007ffadafd7000 	C:\WINDOWS\System32\OLEAUT32.dll
0x00007ffabe1a0000 - 0x00007ffabe1d2000 	C:\WINDOWS\SYSTEM32\dbgcore.DLL
0x00007ffad9990000 - 0x00007ffad9a09000 	C:\WINDOWS\System32\bcryptPrimitives.dll
0x00007ffad2af0000 - 0x00007ffad2afe000 	C:\Program Files\Android\Android Studio\jbr\bin\instrument.dll
0x00007ffad46e0000 - 0x00007ffad4705000 	C:\Program Files\Android\Android Studio\jbr\bin\java.dll
0x00007ffad46c0000 - 0x00007ffad46d8000 	C:\Program Files\Android\Android Studio\jbr\bin\zip.dll
0x00007ffad9c10000 - 0x00007ffada46c000 	C:\WINDOWS\System32\SHELL32.dll
0x00007ffad70b0000 - 0x00007ffad79a9000 	C:\WINDOWS\SYSTEM32\windows.storage.dll
0x00007ffad6f70000 - 0x00007ffad70ae000 	C:\WINDOWS\SYSTEM32\wintypes.dll
0x00007ffadb250000 - 0x00007ffadb343000 	C:\WINDOWS\System32\SHCORE.dll
0x00007ffadb0b0000 - 0x00007ffadb10e000 	C:\WINDOWS\System32\shlwapi.dll
0x00007ffad9080000 - 0x00007ffad90a1000 	C:\WINDOWS\SYSTEM32\profapi.dll
0x00007ffad46a0000 - 0x00007ffad46b9000 	C:\Program Files\Android\Android Studio\jbr\bin\net.dll
0x00007ffad1cc0000 - 0x00007ffad1df6000 	C:\WINDOWS\SYSTEM32\WINHTTP.dll
0x00007ffad8600000 - 0x00007ffad8669000 	C:\WINDOWS\system32\mswsock.dll
0x00007ffad4680000 - 0x00007ffad4696000 	C:\Program Files\Android\Android Studio\jbr\bin\nio.dll
0x00007ffad3610000 - 0x00007ffad3620000 	C:\Program Files\Android\Android Studio\jbr\bin\verify.dll
0x00007ffad1300000 - 0x00007ffad1327000 	C:\Users\TGDD\.gradle\native\c067742578af261105cb4f569cf0c3c89f3d7b1fecec35dd04571415982c5e48\windows-amd64\native-platform.dll
0x00007ffaa20d0000 - 0x00007ffaa2214000 	C:\Users\TGDD\.gradle\native\38dada09dfb8b06ba9b0570ebf7e218e3eb74d4ef43ca46872605cf95ebc2f47\windows-amd64\native-platform-file-events.dll
0x00007ffad4620000 - 0x00007ffad4629000 	C:\Program Files\Android\Android Studio\jbr\bin\management.dll
0x00007ffad4610000 - 0x00007ffad461b000 	C:\Program Files\Android\Android Studio\jbr\bin\management_ext.dll
0x00007ffadbb70000 - 0x00007ffadbb78000 	C:\WINDOWS\System32\PSAPI.DLL
0x00007ffad8870000 - 0x00007ffad888b000 	C:\WINDOWS\SYSTEM32\CRYPTSP.dll
0x00007ffad80f0000 - 0x00007ffad8125000 	C:\WINDOWS\system32\rsaenh.dll
0x00007ffad8700000 - 0x00007ffad8728000 	C:\WINDOWS\SYSTEM32\USERENV.dll
0x00007ffad8860000 - 0x00007ffad886c000 	C:\WINDOWS\SYSTEM32\CRYPTBASE.dll
0x00007ffad7c10000 - 0x00007ffad7c3d000 	C:\WINDOWS\SYSTEM32\IPHLPAPI.DLL
0x00007ffada7a0000 - 0x00007ffada7a9000 	C:\WINDOWS\System32\NSI.dll
0x00007ffad1c50000 - 0x00007ffad1c69000 	C:\WINDOWS\SYSTEM32\dhcpcsvc6.DLL
0x00007ffad18c0000 - 0x00007ffad18df000 	C:\WINDOWS\SYSTEM32\dhcpcsvc.DLL
0x00007ffad7c80000 - 0x00007ffad7d79000 	C:\WINDOWS\SYSTEM32\DNSAPI.dll
0x00007ffad4670000 - 0x00007ffad4678000 	C:\WINDOWS\system32\wshunix.dll

dbghelp: loaded successfully - version: 4.0.5 - missing functions: none
symbol engine: initialized successfully - sym options: 0x614 - pdb path: .;C:\Program Files\Android\Android Studio\jbr\bin;C:\WINDOWS\SYSTEM32;C:\WINDOWS\WinSxS\amd64_microsoft.windows.common-controls_6595b64144ccf1df_6.0.22621.3235_none_270f74e173860f98;C:\Program Files\Android\Android Studio\jbr\bin\server;C:\Users\TGDD\.gradle\native\c067742578af261105cb4f569cf0c3c89f3d7b1fecec35dd04571415982c5e48\windows-amd64;C:\Users\TGDD\.gradle\native\38dada09dfb8b06ba9b0570ebf7e218e3eb74d4ef43ca46872605cf95ebc2f47\windows-amd64

VM Arguments:
jvm_args: --add-opens=java.base/java.util=ALL-UNNAMED --add-opens=java.base/java.lang=ALL-UNNAMED --add-opens=java.base/java.lang.invoke=ALL-UNNAMED --add-opens=java.prefs/java.util.prefs=ALL-UNNAMED --add-opens=java.base/java.nio.charset=ALL-UNNAMED --add-opens=java.base/java.net=ALL-UNNAMED --add-opens=java.base/java.util.concurrent.atomic=ALL-UNNAMED -Xmx2048m -Dfile.encoding=UTF-8 -Duser.country=US -Duser.language=en -Duser.variant -javaagent:C:\Users\TGDD\.gradle\wrapper\dists\gradle-8.4-bin\1w5dpkrfk8irigvoxmyhowfim\gradle-8.4\lib\agents\gradle-instrumentation-agent-8.4.jar 
java_command: org.gradle.launcher.daemon.bootstrap.GradleDaemon 8.4
java_class_path (initial): C:\Users\TGDD\.gradle\wrapper\dists\gradle-8.4-bin\1w5dpkrfk8irigvoxmyhowfim\gradle-8.4\lib\gradle-launcher-8.4.jar
Launcher Type: SUN_STANDARD

[Global flags]
     intx CICompilerCount                          = 4                                         {product} {ergonomic}
     uint ConcGCThreads                            = 3                                         {product} {ergonomic}
     uint G1ConcRefinementThreads                  = 10                                        {product} {ergonomic}
   size_t G1HeapRegionSize                         = 1048576                                   {product} {ergonomic}
    uintx GCDrainStackTargetSize                   = 64                                        {product} {ergonomic}
   size_t InitialHeapSize                          = 123731968                                 {product} {ergonomic}
   size_t MarkStackSize                            = 4194304                                   {product} {ergonomic}
   size_t MaxHeapSize                              = 2147483648                                {product} {command line}
   size_t MaxNewSize                               = 1287651328                                {product} {ergonomic}
   size_t MinHeapDeltaBytes                        = 1048576                                   {product} {ergonomic}
   size_t MinHeapSize                              = 8388608                                   {product} {ergonomic}
    uintx NonNMethodCodeHeapSize                   = 5839372                                {pd product} {ergonomic}
    uintx NonProfiledCodeHeapSize                  = 122909434                              {pd product} {ergonomic}
    uintx ProfiledCodeHeapSize                     = 122909434                              {pd product} {ergonomic}
    uintx ReservedCodeCacheSize                    = 251658240                              {pd product} {ergonomic}
     bool SegmentedCodeCache                       = true                                      {product} {ergonomic}
   size_t SoftMaxHeapSize                          = 2147483648                             {manageable} {ergonomic}
     bool UseCompressedClassPointers               = true                           {product lp64_product} {ergonomic}
     bool UseCompressedOops                        = true                           {product lp64_product} {ergonomic}
     bool UseG1GC                                  = true                                      {product} {ergonomic}
     bool UseLargePagesIndividualAllocation        = false                                  {pd product} {ergonomic}

Logging:
Log output configuration:
 #0: stdout all=warning uptime,level,tags
 #1: stderr all=off uptime,level,tags

Environment Variables:
JAVA_HOME=C:\Program Files\Java\jdk-19
PATH=D:\VMWare\bin\;C:\Program Files\Common Files\Oracle\Java\javapath;C:\Program Files (x86)\Common Files\Oracle\Java\javapath;C:\Windows\system32;C:\Windows;C:\Windows\System32\Wbem;C:\Windows\System32\WindowsPowerShell\v1.0\;C:\Windows\System32\OpenSSH\;C:\Program Files (x86)\NVIDIA Corporation\PhysX\Common;C:\Program Files\NVIDIA Corporation\NVIDIA NvDLISR;C:\Program Files\Microsoft SQL Server\Client SDK\ODBC\170\Tools\Binn\;C:\Program Files (x86)\Microsoft SQL Server\150\Tools\Binn\;C:\Program Files\Microsoft SQL Server\150\Tools\Binn\;C:\Program Files\Microsoft SQL Server\150\DTS\Binn\;C:\Program Files (x86)\Microsoft SQL Server\150\DTS\Binn\;C:\Program Files\Azure Data Studio\bin;C:\Program Files\Java\jdk-19\bin;C:\WINDOWS\system32;C:\WINDOWS;C:\WINDOWS\System32\Wbem;C:\WINDOWS\System32\WindowsPowerShell\v1.0\;C:\WINDOWS\System32\OpenSSH\;C:\Users\TGDD\AppData\Local\Microsoft\WindowsApps;C:\Users\TGDD\Downloads\jdk-19_windows-x64_bin;C:\Program Files\Azure Data Studio\bin;D:\Downloads\jdk-19_windows-x64_bin;C:\Program Files (x86)\Java\jre1.8.0_241;C:\Users\TGDD\AppData\Local\Programs\Microsoft VS Code\bin;C:\Users\TGDD\AppData\Local\GitHubDesktop\bin;C:\xampp\php;;C:\Program Files\JetBrains\IntelliJ IDEA 2023.3.2\bin;;D:\IntelliJ IDEA Community Edition 2023.3.4\bin;
USERNAME=TGDD
OS=Windows_NT
PROCESSOR_IDENTIFIER=AMD64 Family 23 Model 104 Stepping 1, AuthenticAMD
TMP=C:\Users\TGDD\AppData\Local\Temp
TEMP=C:\Users\TGDD\AppData\Local\Temp



Periodic native trim disabled

JNI global refs:
JNI global refs: 25, weak refs: 1

JNI global refs memory usage: 843, weak refs: 841

OOME stack traces (most recent first):
Classloader memory used:
Loader org.gradle.internal.classloader.VisitableURLClassLoader                         : 2972K
Loader bootstrap                                                                       : 2335K
Loader org.gradle.initialization.MixInLegacyTypesClassLoader                           : 743K
Loader jdk.internal.loader.ClassLoaders$PlatformClassLoader                            : 65218B
Loader jdk.internal.loader.ClassLoaders$AppClassLoader                                 : 28117B
Loader jdk.internal.reflect.DelegatingClassLoader                                      : 3966B
Loader org.gradle.internal.classloader.VisitableURLClassLoader$InstrumentingVisitableURLClassLoader: 3671B

Classes loaded by more than one classloader:
Class org.gradle.internal.installation.GradleInstallation                             : loaded 2 times (x 73B)
Class org.gradle.internal.classpath.ClassPath                                         : loaded 2 times (x 68B)
Class org.gradle.api.internal.classpath.DefaultModuleRegistry                         : loaded 2 times (x 84B)
Class Settings_gradle$1$1                                                             : loaded 2 times (x 72B)
Class org.gradle.api.Action                                                           : loaded 2 times (x 68B)
Class org.gradle.api.internal.DefaultClassPathProvider                                : loaded 2 times (x 74B)
Class org.gradle.internal.installation.GradleInstallation$1                           : loaded 2 times (x 73B)
Class org.gradle.internal.classloader.FilteringClassLoader                            : loaded 2 times (x 103B)
Class org.gradle.internal.classpath.DefaultClassPath$ImmutableUniqueList$Builder      : loaded 2 times (x 73B)
Class org.gradle.internal.classloader.ClassLoaderVisitor                              : loaded 2 times (x 74B)
Class org.gradle.internal.service.DefaultServiceLocator                               : loaded 2 times (x 81B)
Class org.gradle.internal.service.UnknownServiceException                             : loaded 2 times (x 81B)
Class org.gradle.internal.classloader.DefaultClassLoaderFactory                       : loaded 2 times (x 80B)
Class org.gradle.internal.classloader.VisitableURLClassLoader$Spec                    : loaded 2 times (x 72B)
Class org.gradle.api.GradleException                                                  : loaded 2 times (x 80B)
Class org.gradle.api.internal.classpath.ModuleRegistry                                : loaded 2 times (x 68B)
Class org.gradle.api.internal.ClassPathProvider                                       : loaded 2 times (x 68B)
Class org.gradle.internal.classloader.ClasspathUtil$1                                 : loaded 2 times (x 74B)
Class org.gradle.internal.classloader.ClassLoaderFactory                              : loaded 2 times (x 68B)
Class org.gradle.api.internal.classpath.ManifestUtil                                  : loaded 2 times (x 69B)
Class org.gradle.api.specs.Spec                                                       : loaded 2 times (x 68B)
Class org.gradle.internal.IoActions                                                   : loaded 2 times (x 69B)
Class org.gradle.api.internal.classpath.EffectiveClassPath                            : loaded 2 times (x 88B)
Class org.gradle.internal.installation.CurrentGradleInstallation                      : loaded 2 times (x 71B)
Class org.gradle.internal.agents.InstrumentingClassLoader                             : loaded 2 times (x 68B)
Class org.gradle.internal.installation.CurrentGradleInstallationLocator               : loaded 2 times (x 69B)
Class org.gradle.api.internal.classpath.Module                                        : loaded 2 times (x 68B)
Class org.gradle.internal.service.CachingServiceLocator                               : loaded 2 times (x 80B)
Class org.gradle.internal.classpath.DefaultClassPath                                  : loaded 2 times (x 88B)
Class org.gradle.internal.classloader.SystemClassLoaderSpec                           : loaded 2 times (x 69B)
Class org.gradle.api.UncheckedIOException                                             : loaded 2 times (x 80B)
Class Program                                                                         : loaded 2 times (x 70B)
Class org.gradle.internal.classloader.ClasspathUtil                                   : loaded 2 times (x 69B)
Class org.gradle.api.internal.DefaultClassPathRegistry                                : loaded 2 times (x 74B)
Class org.gradle.api.internal.classpath.DefaultModuleRegistry$DefaultModule           : loaded 2 times (x 84B)
Class org.gradle.api.internal.classpath.UnknownModuleException                        : loaded 2 times (x 80B)
Class org.gradle.internal.service.ServiceLookupException                              : loaded 2 times (x 80B)
Class org.gradle.cache.GlobalCache                                                    : loaded 2 times (x 68B)
Class [Lorg.gradle.api.internal.ClassPathProvider;                                    : loaded 2 times (x 67B)
Class org.gradle.util.internal.GUtil                                                  : loaded 2 times (x 69B)
Class org.gradle.internal.classloader.ClassLoaderSpec                                 : loaded 2 times (x 69B)
Class org.gradle.internal.classloader.VisitableURLClassLoader                         : loaded 2 times (x 115B)
Class org.gradle.internal.Cast                                                        : loaded 2 times (x 69B)
Class org.gradle.api.internal.ClassPathRegistry                                       : loaded 2 times (x 68B)
Class org.gradle.internal.classloader.VisitableURLClassLoader$InstrumentingVisitableURLClassLoader: loaded 2 times (x 121B)
Class org.gradle.internal.classloader.ClassLoaderHierarchy                            : loaded 2 times (x 68B)
Class org.gradle.internal.InternalTransformer                                         : loaded 2 times (x 68B)
Class org.gradle.internal.service.ServiceLocator                                      : loaded 2 times (x 68B)
Class Settings_gradle$1                                                               : loaded 2 times (x 72B)
Class org.gradle.internal.classpath.DefaultClassPath$ImmutableUniqueList              : loaded 2 times (x 159B)
Class org.gradle.internal.classpath.TransformedClassPath                              : loaded 2 times (x 94B)
Class Settings_gradle                                                                 : loaded 2 times (x 126B)


---------------  S Y S T E M  ---------------

OS:
 Windows 11 , 64 bit Build 22621 (10.0.22621.3374)
OS uptime: 0 days 0:33 hours

CPU: total 12 (initial active 12) (12 cores per cpu, 2 threads per core) family 23 model 104 stepping 1 microcode 0x0, cx8, cmov, fxsr, ht, mmx, 3dnowpref, sse, sse2, sse3, ssse3, sse4a, sse4.1, sse4.2, popcnt, lzcnt, tsc, tscinvbit, avx, avx2, aes, clmul, bmi1, bmi2, adx, sha, fma, vzeroupper, clflush, clflushopt
Processor Information for processor 0
  Max Mhz: 2100, Current Mhz: 1988, Mhz Limit: 2100
Processor Information for processor 1
  Max Mhz: 2100, Current Mhz: 1988, Mhz Limit: 2100
Processor Information for processor 2
  Max Mhz: 2100, Current Mhz: 2100, Mhz Limit: 2100
Processor Information for processor 3
  Max Mhz: 2100, Current Mhz: 2100, Mhz Limit: 2100
Processor Information for processor 4
  Max Mhz: 2100, Current Mhz: 1988, Mhz Limit: 2100
Processor Information for processor 5
  Max Mhz: 2100, Current Mhz: 2100, Mhz Limit: 2100
Processor Information for processor 6
  Max Mhz: 2100, Current Mhz: 1988, Mhz Limit: 2100
Processor Information for processor 7
  Max Mhz: 2100, Current Mhz: 1988, Mhz Limit: 2100
Processor Information for processor 8
  Max Mhz: 2100, Current Mhz: 1988, Mhz Limit: 2100
Processor Information for processor 9
  Max Mhz: 2100, Current Mhz: 1988, Mhz Limit: 2100
Processor Information for processor 10
  Max Mhz: 2100, Current Mhz: 1988, Mhz Limit: 2100
Processor Information for processor 11
  Max Mhz: 2100, Current Mhz: 1988, Mhz Limit: 2100

Memory: 4k page, system-wide physical 7514M (445M free)
TotalPageFile size 15706M (AvailPageFile size 4M)
current process WorkingSet (physical memory assigned to process): 251M, peak: 251M
current process commit charge ("private bytes"): 292M, peak: 295M

vm_info: OpenJDK 64-Bit Server VM (17.0.9+0--11185874) for windows-amd64 JRE (17.0.9+0--11185874), built on Dec  6 2023 18:57:44 by "androidbuild" with MS VC++ 16.10 / 16.11 (VS2019)

END.
